{
  "stats": {
    "suites": 1,
    "tests": 7,
    "passes": 0,
    "pending": 0,
    "failures": 7,
    "start": "2024-02-23T05:49:47.803Z",
    "end": "2024-02-23T05:49:55.433Z",
    "duration": 7630,
    "testsRegistered": 7,
    "passPercent": 0,
    "pendingPercent": 0,
    "other": 0,
    "hasOther": false,
    "skipped": 0,
    "hasSkipped": false
  },
  "results": [
    {
      "uuid": "ec01762f-d631-4f03-ae2d-791f5e947c73",
      "title": "",
      "fullFile": "cypress\\integration\\api\\tests\\ConnectorsPageTest.js",
      "file": "cypress\\integration\\api\\tests\\ConnectorsPageTest.js",
      "beforeHooks": [],
      "afterHooks": [],
      "tests": [],
      "suites": [
        {
          "uuid": "89efab33-7b21-44c3-a279-60f26d4c269e",
          "title": "Connectors Page",
          "fullFile": "",
          "file": "",
          "beforeHooks": [],
          "afterHooks": [],
          "tests": [
            {
              "title": "Create Connectors Flow",
              "fullTitle": "Connectors Page Create Connectors Flow",
              "timedOut": null,
              "duration": 2733,
              "state": "failed",
              "speed": null,
              "pass": false,
              "fail": true,
              "pending": false,
              "context": "{\n  \"title\": \"cypress-mochawesome-reporter-screenshots\",\n  \"value\": [\n    [\n      \"\\\\ConnectorsPageTest.js\\\\Connectors Page -- Create Connectors Flow (failed).png\"\n    ]\n  ]\n}",
              "code": "(0, _loginPage.doLogin)().then(response => {\n  authKey = response.body.key;\n  (0, _DashboardPage.doCteareApp)(authKey, app_name).then(response => {\n    cy.log(\"login response\", response.body);\n    expect(response.body.name, \"App name is not matching\").to.eq(app_name);\n    app_id = response.body.id;\n    app_name = response.body.name;\n    localStorage.setItem('app_id', response.body.id);\n    connector_name = \"Testconnectors\" + app_id;\n    connector_description = 'TestDesc' + app_id;\n    (0, _ConnectorsPage.doCreateConnector)(authKey, app_id, connector_name).then(response => {\n      connector_id = response.body.id;\n      expect(response.status).to.eq(201);\n      cy.log(\"Create Connectors response\", response.body);\n    });\n  });\n});",
              "err": {
                "message": "CypressError: `cy.request()` failed on:\n\nhttps://crowdbotics-slack-dev.herokuapp.com/api/v2/totp-login/\n\nThe response we received from your web server was:\n\n  > 400: Bad Request\n\nThis was considered a failure because the status code was not `2xx` or `3xx`.\n\nIf you do not want status codes to cause failures pass the option: `failOnStatusCode: false`\n\n-----------------------------------------------------------\n\nThe request we sent was:\n\nMethod: POST\nURL: https://crowdbotics-slack-dev.herokuapp.com/api/v2/totp-login/\nHeaders: {\n  \"Connection\": \"keep-alive\",\n  \"user-agent\": \"Mozilla/5.0 (Windows NT 10.0; Win64; x64) AppleWebKit/537.36 (KHTML, like Gecko) Cypress/13.2.0 Chrome/114.0.5735.289 Electron/25.8.0 Safari/537.36\",\n  \"accept\": \"*/*\",\n  \"accept-encoding\": \"gzip, deflate\",\n  \"content-type\": \"application/json\",\n  \"content-length\": 84\n}\nBody: {\"email\":\"cbautomation1@crowdbotics.com\",\"password\":\"devstringx@123\",\"token\":964548}\n\n-----------------------------------------------------------\n\nThe response we got was:\n\nStatus: 400 - Bad Request\nHeaders: {\n  \"server\": \"Cowboy\",\n  \"date\": \"Fri, 23 Feb 2024 05:49:48 GMT\",\n  \"report-to\": \"{\\\"group\\\":\\\"heroku-nel\\\",\\\"max_age\\\":3600,\\\"endpoints\\\":[{\\\"url\\\":\\\"https://nel.heroku.com/reports?ts=1708667389&sid=67ff5de4-ad2b-4112-9289-cf96be89efed&s=xeydM3wBT2pa63F67j%2FYgkQ2ICZLD7zcZ%2FHlv8pynss%3D\\\"}]}\",\n  \"reporting-endpoints\": \"heroku-nel=https://nel.heroku.com/reports?ts=1708667389&sid=67ff5de4-ad2b-4112-9289-cf96be89efed&s=xeydM3wBT2pa63F67j%2FYgkQ2ICZLD7zcZ%2FHlv8pynss%3D\",\n  \"nel\": \"{\\\"report_to\\\":\\\"heroku-nel\\\",\\\"max_age\\\":3600,\\\"success_fraction\\\":0.005,\\\"failure_fraction\\\":0.05,\\\"response_headers\\\":[\\\"Via\\\"]}\",\n  \"connection\": \"keep-alive\",\n  \"content-type\": \"application/json\",\n  \"allow\": \"POST, OPTIONS\",\n  \"x-content-type-options\": \"nosniff\",\n  \"referrer-policy\": \"same-origin\",\n  \"x-frame-options\": \"DENY\",\n  \"content-length\": \"66\",\n  \"vary\": \"Origin, Cookie\",\n  \"via\": \"1.1 vegur\"\n}\nBody: {\n  \"errors\": [\n    {\n      \"field\": \"detail\",\n      \"message\": \"Provide a valid token.\"\n    }\n  ]\n}\n\n\nhttps://on.cypress.io/request",
                "estack": "CypressError: `cy.request()` failed on:\n\nhttps://crowdbotics-slack-dev.herokuapp.com/api/v2/totp-login/\n\nThe response we received from your web server was:\n\n  > 400: Bad Request\n\nThis was considered a failure because the status code was not `2xx` or `3xx`.\n\nIf you do not want status codes to cause failures pass the option: `failOnStatusCode: false`\n\n-----------------------------------------------------------\n\nThe request we sent was:\n\nMethod: POST\nURL: https://crowdbotics-slack-dev.herokuapp.com/api/v2/totp-login/\nHeaders: {\n  \"Connection\": \"keep-alive\",\n  \"user-agent\": \"Mozilla/5.0 (Windows NT 10.0; Win64; x64) AppleWebKit/537.36 (KHTML, like Gecko) Cypress/13.2.0 Chrome/114.0.5735.289 Electron/25.8.0 Safari/537.36\",\n  \"accept\": \"*/*\",\n  \"accept-encoding\": \"gzip, deflate\",\n  \"content-type\": \"application/json\",\n  \"content-length\": 84\n}\nBody: {\"email\":\"cbautomation1@crowdbotics.com\",\"password\":\"devstringx@123\",\"token\":964548}\n\n-----------------------------------------------------------\n\nThe response we got was:\n\nStatus: 400 - Bad Request\nHeaders: {\n  \"server\": \"Cowboy\",\n  \"date\": \"Fri, 23 Feb 2024 05:49:48 GMT\",\n  \"report-to\": \"{\\\"group\\\":\\\"heroku-nel\\\",\\\"max_age\\\":3600,\\\"endpoints\\\":[{\\\"url\\\":\\\"https://nel.heroku.com/reports?ts=1708667389&sid=67ff5de4-ad2b-4112-9289-cf96be89efed&s=xeydM3wBT2pa63F67j%2FYgkQ2ICZLD7zcZ%2FHlv8pynss%3D\\\"}]}\",\n  \"reporting-endpoints\": \"heroku-nel=https://nel.heroku.com/reports?ts=1708667389&sid=67ff5de4-ad2b-4112-9289-cf96be89efed&s=xeydM3wBT2pa63F67j%2FYgkQ2ICZLD7zcZ%2FHlv8pynss%3D\",\n  \"nel\": \"{\\\"report_to\\\":\\\"heroku-nel\\\",\\\"max_age\\\":3600,\\\"success_fraction\\\":0.005,\\\"failure_fraction\\\":0.05,\\\"response_headers\\\":[\\\"Via\\\"]}\",\n  \"connection\": \"keep-alive\",\n  \"content-type\": \"application/json\",\n  \"allow\": \"POST, OPTIONS\",\n  \"x-content-type-options\": \"nosniff\",\n  \"referrer-policy\": \"same-origin\",\n  \"x-frame-options\": \"DENY\",\n  \"content-length\": \"66\",\n  \"vary\": \"Origin, Cookie\",\n  \"via\": \"1.1 vegur\"\n}\nBody: {\n  \"errors\": [\n    {\n      \"field\": \"detail\",\n      \"message\": \"Provide a valid token.\"\n    }\n  ]\n}\n\n\nhttps://on.cypress.io/request\n    at <unknown> (http://localhost:51104/__cypress/runner/cypress_runner.js:133013:72)\n    at tryCatcher (http://localhost:51104/__cypress/runner/cypress_runner.js:1807:23)\n    at Promise._settlePromiseFromHandler (http://localhost:51104/__cypress/runner/cypress_runner.js:1519:31)\n    at Promise._settlePromise (http://localhost:51104/__cypress/runner/cypress_runner.js:1576:18)\n    at Promise._settlePromise0 (http://localhost:51104/__cypress/runner/cypress_runner.js:1621:10)\n    at Promise._settlePromises (http://localhost:51104/__cypress/runner/cypress_runner.js:1701:18)\n    at _drainQueueStep (http://localhost:51104/__cypress/runner/cypress_runner.js:2407:12)\n    at _drainQueue (http://localhost:51104/__cypress/runner/cypress_runner.js:2400:9)\n    at Async._drainQueues (http://localhost:51104/__cypress/runner/cypress_runner.js:2416:5)\n    at Async.drainQueues (http://localhost:51104/__cypress/runner/cypress_runner.js:2286:14)\nFrom Your Spec Code:\n    at Context.eval (webpack://crowdbotics/./cypress/integration/api/pages/loginPage.js:12:11)",
                "diff": null
              },
              "uuid": "a2d1a75e-3210-4390-a6d5-dcfb4417e531",
              "parentUUID": "89efab33-7b21-44c3-a279-60f26d4c269e",
              "isHook": false,
              "skipped": false
            },
            {
              "title": "Get Connectors Flow",
              "fullTitle": "Connectors Page Get Connectors Flow",
              "timedOut": null,
              "duration": 473,
              "state": "failed",
              "speed": null,
              "pass": false,
              "fail": true,
              "pending": false,
              "context": "{\n  \"title\": \"cypress-mochawesome-reporter-screenshots\",\n  \"value\": [\n    [\n      \"\\\\ConnectorsPageTest.js\\\\Connectors Page -- Get Connectors Flow (failed).png\"\n    ]\n  ]\n}",
              "code": "(0, _ConnectorsPage.doGetConnector)(authKey, app_id).then(response => {\n  expect(response.status).to.eq(200);\n  cy.log(\"Get Connectors response\", response.body);\n});",
              "err": {
                "message": "CypressError: `cy.request()` failed on:\n\nhttps://crowdbotics-slack-dev.herokuapp.com/api/v2/apps/undefined/connectors/\n\nThe response we received from your web server was:\n\n  > 401: Unauthorized\n\nThis was considered a failure because the status code was not `2xx` or `3xx`.\n\nIf you do not want status codes to cause failures pass the option: `failOnStatusCode: false`\n\n-----------------------------------------------------------\n\nThe request we sent was:\n\nMethod: GET\nURL: https://crowdbotics-slack-dev.herokuapp.com/api/v2/apps/undefined/connectors/\nHeaders: {\n  \"Connection\": \"keep-alive\",\n  \"Authorization\": \"Token undefined\",\n  \"user-agent\": \"Mozilla/5.0 (Windows NT 10.0; Win64; x64) AppleWebKit/537.36 (KHTML, like Gecko) Cypress/13.2.0 Chrome/114.0.5735.289 Electron/25.8.0 Safari/537.36\",\n  \"accept\": \"*/*\",\n  \"accept-encoding\": \"gzip, deflate\"\n}\n\n-----------------------------------------------------------\n\nThe response we got was:\n\nStatus: 401 - Unauthorized\nHeaders: {\n  \"server\": \"Cowboy\",\n  \"date\": \"Fri, 23 Feb 2024 05:49:49 GMT\",\n  \"report-to\": \"{\\\"group\\\":\\\"heroku-nel\\\",\\\"max_age\\\":3600,\\\"endpoints\\\":[{\\\"url\\\":\\\"https://nel.heroku.com/reports?ts=1708667389&sid=67ff5de4-ad2b-4112-9289-cf96be89efed&s=xeydM3wBT2pa63F67j%2FYgkQ2ICZLD7zcZ%2FHlv8pynss%3D\\\"}]}\",\n  \"reporting-endpoints\": \"heroku-nel=https://nel.heroku.com/reports?ts=1708667389&sid=67ff5de4-ad2b-4112-9289-cf96be89efed&s=xeydM3wBT2pa63F67j%2FYgkQ2ICZLD7zcZ%2FHlv8pynss%3D\",\n  \"nel\": \"{\\\"report_to\\\":\\\"heroku-nel\\\",\\\"max_age\\\":3600,\\\"success_fraction\\\":0.005,\\\"failure_fraction\\\":0.05,\\\"response_headers\\\":[\\\"Via\\\"]}\",\n  \"connection\": \"keep-alive\",\n  \"content-type\": \"application/json\",\n  \"www-authenticate\": \"Basic realm=\\\"api\\\"\",\n  \"allow\": \"GET, POST, HEAD, OPTIONS\",\n  \"x-content-type-options\": \"nosniff\",\n  \"referrer-policy\": \"same-origin\",\n  \"x-frame-options\": \"DENY\",\n  \"content-length\": \"58\",\n  \"vary\": \"Origin, Cookie\",\n  \"via\": \"1.1 vegur\"\n}\nBody: {\n  \"errors\": [\n    {\n      \"field\": \"detail\",\n      \"message\": \"Invalid token.\"\n    }\n  ]\n}\n\n\nhttps://on.cypress.io/request",
                "estack": "CypressError: `cy.request()` failed on:\n\nhttps://crowdbotics-slack-dev.herokuapp.com/api/v2/apps/undefined/connectors/\n\nThe response we received from your web server was:\n\n  > 401: Unauthorized\n\nThis was considered a failure because the status code was not `2xx` or `3xx`.\n\nIf you do not want status codes to cause failures pass the option: `failOnStatusCode: false`\n\n-----------------------------------------------------------\n\nThe request we sent was:\n\nMethod: GET\nURL: https://crowdbotics-slack-dev.herokuapp.com/api/v2/apps/undefined/connectors/\nHeaders: {\n  \"Connection\": \"keep-alive\",\n  \"Authorization\": \"Token undefined\",\n  \"user-agent\": \"Mozilla/5.0 (Windows NT 10.0; Win64; x64) AppleWebKit/537.36 (KHTML, like Gecko) Cypress/13.2.0 Chrome/114.0.5735.289 Electron/25.8.0 Safari/537.36\",\n  \"accept\": \"*/*\",\n  \"accept-encoding\": \"gzip, deflate\"\n}\n\n-----------------------------------------------------------\n\nThe response we got was:\n\nStatus: 401 - Unauthorized\nHeaders: {\n  \"server\": \"Cowboy\",\n  \"date\": \"Fri, 23 Feb 2024 05:49:49 GMT\",\n  \"report-to\": \"{\\\"group\\\":\\\"heroku-nel\\\",\\\"max_age\\\":3600,\\\"endpoints\\\":[{\\\"url\\\":\\\"https://nel.heroku.com/reports?ts=1708667389&sid=67ff5de4-ad2b-4112-9289-cf96be89efed&s=xeydM3wBT2pa63F67j%2FYgkQ2ICZLD7zcZ%2FHlv8pynss%3D\\\"}]}\",\n  \"reporting-endpoints\": \"heroku-nel=https://nel.heroku.com/reports?ts=1708667389&sid=67ff5de4-ad2b-4112-9289-cf96be89efed&s=xeydM3wBT2pa63F67j%2FYgkQ2ICZLD7zcZ%2FHlv8pynss%3D\",\n  \"nel\": \"{\\\"report_to\\\":\\\"heroku-nel\\\",\\\"max_age\\\":3600,\\\"success_fraction\\\":0.005,\\\"failure_fraction\\\":0.05,\\\"response_headers\\\":[\\\"Via\\\"]}\",\n  \"connection\": \"keep-alive\",\n  \"content-type\": \"application/json\",\n  \"www-authenticate\": \"Basic realm=\\\"api\\\"\",\n  \"allow\": \"GET, POST, HEAD, OPTIONS\",\n  \"x-content-type-options\": \"nosniff\",\n  \"referrer-policy\": \"same-origin\",\n  \"x-frame-options\": \"DENY\",\n  \"content-length\": \"58\",\n  \"vary\": \"Origin, Cookie\",\n  \"via\": \"1.1 vegur\"\n}\nBody: {\n  \"errors\": [\n    {\n      \"field\": \"detail\",\n      \"message\": \"Invalid token.\"\n    }\n  ]\n}\n\n\nhttps://on.cypress.io/request\n    at <unknown> (http://localhost:51104/__cypress/runner/cypress_runner.js:133013:72)\n    at tryCatcher (http://localhost:51104/__cypress/runner/cypress_runner.js:1807:23)\n    at Promise._settlePromiseFromHandler (http://localhost:51104/__cypress/runner/cypress_runner.js:1519:31)\n    at Promise._settlePromise (http://localhost:51104/__cypress/runner/cypress_runner.js:1576:18)\n    at Promise._settlePromise0 (http://localhost:51104/__cypress/runner/cypress_runner.js:1621:10)\n    at Promise._settlePromises (http://localhost:51104/__cypress/runner/cypress_runner.js:1701:18)\n    at _drainQueueStep (http://localhost:51104/__cypress/runner/cypress_runner.js:2407:12)\n    at _drainQueue (http://localhost:51104/__cypress/runner/cypress_runner.js:2400:9)\n    at Async._drainQueues (http://localhost:51104/__cypress/runner/cypress_runner.js:2416:5)\n    at Async.drainQueues (http://localhost:51104/__cypress/runner/cypress_runner.js:2286:14)\nFrom Your Spec Code:\n    at doGetConnector (webpack://crowdbotics/./cypress/integration/api/pages/ConnectorsPage.js:24:14)\n    at Context.eval (webpack://crowdbotics/./cypress/integration/api/tests/ConnectorsPageTest.js:35:23)",
                "diff": null
              },
              "uuid": "f2a9a1e2-3bf7-48c7-9b01-4897f2c9dc9d",
              "parentUUID": "89efab33-7b21-44c3-a279-60f26d4c269e",
              "isHook": false,
              "skipped": false
            },
            {
              "title": "Edit Connectors Flow",
              "fullTitle": "Connectors Page Edit Connectors Flow",
              "timedOut": null,
              "duration": 840,
              "state": "failed",
              "speed": null,
              "pass": false,
              "fail": true,
              "pending": false,
              "context": "{\n  \"title\": \"cypress-mochawesome-reporter-screenshots\",\n  \"value\": [\n    [\n      \"\\\\ConnectorsPageTest.js\\\\Connectors Page -- Edit Connectors Flow (failed).png\"\n    ]\n  ]\n}",
              "code": "connector_description = connector_description + 1;\n(0, _ConnectorsPage.doEditConnector)(authKey, app_id, connector_description, connector_id).then(response => {\n  expect(response.status).to.eq(200);\n  cy.log(\"Edit Connectors response\", response.body);\n});",
              "err": {
                "message": "CypressError: `cy.request()` failed on:\n\nhttps://crowdbotics-slack-dev.herokuapp.com/api/v2/apps/undefined/connectors/undefined\n\nThe response we received from your web server was:\n\n  > 401: Unauthorized\n\nThis was considered a failure because the status code was not `2xx` or `3xx`.\n\nIf you do not want status codes to cause failures pass the option: `failOnStatusCode: false`\n\n-----------------------------------------------------------\n\nThe request we sent was:\n\nMethod: PATCH\nURL: https://crowdbotics-slack-dev.herokuapp.com/api/v2/apps/undefined/connectors/undefined\nHeaders: {\n  \"Connection\": \"keep-alive\",\n  \"Authorization\": \"Token undefined\",\n  \"user-agent\": \"Mozilla/5.0 (Windows NT 10.0; Win64; x64) AppleWebKit/537.36 (KHTML, like Gecko) Cypress/13.2.0 Chrome/114.0.5735.289 Electron/25.8.0 Safari/537.36\",\n  \"accept\": \"*/*\",\n  \"accept-encoding\": \"gzip, deflate\",\n  \"referer\": \"https://crowdbotics-slack-dev.herokuapp.com/api/v2/apps/undefined/connectors/undefined\"\n}\nRedirects: [\n  \"301: https://crowdbotics-slack-dev.herokuapp.com/api/v2/apps/undefined/connectors/undefined/\"\n]\n\n-----------------------------------------------------------\n\nThe response we got was:\n\nStatus: 401 - Unauthorized\nHeaders: {\n  \"server\": \"Cowboy\",\n  \"date\": \"Fri, 23 Feb 2024 05:49:50 GMT\",\n  \"report-to\": \"{\\\"group\\\":\\\"heroku-nel\\\",\\\"max_age\\\":3600,\\\"endpoints\\\":[{\\\"url\\\":\\\"https://nel.heroku.com/reports?ts=1708667390&sid=67ff5de4-ad2b-4112-9289-cf96be89efed&s=VS23ACE%2FkKh8uLfjHkGz31Ey4TEavoqL%2FXZs3bUfSLs%3D\\\"}]}\",\n  \"reporting-endpoints\": \"heroku-nel=https://nel.heroku.com/reports?ts=1708667390&sid=67ff5de4-ad2b-4112-9289-cf96be89efed&s=VS23ACE%2FkKh8uLfjHkGz31Ey4TEavoqL%2FXZs3bUfSLs%3D\",\n  \"nel\": \"{\\\"report_to\\\":\\\"heroku-nel\\\",\\\"max_age\\\":3600,\\\"success_fraction\\\":0.005,\\\"failure_fraction\\\":0.05,\\\"response_headers\\\":[\\\"Via\\\"]}\",\n  \"connection\": \"keep-alive\",\n  \"content-type\": \"application/json\",\n  \"www-authenticate\": \"Basic realm=\\\"api\\\"\",\n  \"allow\": \"GET, PUT, PATCH, DELETE, HEAD, OPTIONS\",\n  \"x-content-type-options\": \"nosniff\",\n  \"referrer-policy\": \"same-origin\",\n  \"x-frame-options\": \"DENY\",\n  \"content-length\": \"58\",\n  \"vary\": \"Origin, Cookie\",\n  \"via\": \"1.1 vegur\"\n}\nBody: {\n  \"errors\": [\n    {\n      \"field\": \"detail\",\n      \"message\": \"Invalid token.\"\n    }\n  ]\n}\n\n\nhttps://on.cypress.io/request",
                "estack": "CypressError: `cy.request()` failed on:\n\nhttps://crowdbotics-slack-dev.herokuapp.com/api/v2/apps/undefined/connectors/undefined\n\nThe response we received from your web server was:\n\n  > 401: Unauthorized\n\nThis was considered a failure because the status code was not `2xx` or `3xx`.\n\nIf you do not want status codes to cause failures pass the option: `failOnStatusCode: false`\n\n-----------------------------------------------------------\n\nThe request we sent was:\n\nMethod: PATCH\nURL: https://crowdbotics-slack-dev.herokuapp.com/api/v2/apps/undefined/connectors/undefined\nHeaders: {\n  \"Connection\": \"keep-alive\",\n  \"Authorization\": \"Token undefined\",\n  \"user-agent\": \"Mozilla/5.0 (Windows NT 10.0; Win64; x64) AppleWebKit/537.36 (KHTML, like Gecko) Cypress/13.2.0 Chrome/114.0.5735.289 Electron/25.8.0 Safari/537.36\",\n  \"accept\": \"*/*\",\n  \"accept-encoding\": \"gzip, deflate\",\n  \"referer\": \"https://crowdbotics-slack-dev.herokuapp.com/api/v2/apps/undefined/connectors/undefined\"\n}\nRedirects: [\n  \"301: https://crowdbotics-slack-dev.herokuapp.com/api/v2/apps/undefined/connectors/undefined/\"\n]\n\n-----------------------------------------------------------\n\nThe response we got was:\n\nStatus: 401 - Unauthorized\nHeaders: {\n  \"server\": \"Cowboy\",\n  \"date\": \"Fri, 23 Feb 2024 05:49:50 GMT\",\n  \"report-to\": \"{\\\"group\\\":\\\"heroku-nel\\\",\\\"max_age\\\":3600,\\\"endpoints\\\":[{\\\"url\\\":\\\"https://nel.heroku.com/reports?ts=1708667390&sid=67ff5de4-ad2b-4112-9289-cf96be89efed&s=VS23ACE%2FkKh8uLfjHkGz31Ey4TEavoqL%2FXZs3bUfSLs%3D\\\"}]}\",\n  \"reporting-endpoints\": \"heroku-nel=https://nel.heroku.com/reports?ts=1708667390&sid=67ff5de4-ad2b-4112-9289-cf96be89efed&s=VS23ACE%2FkKh8uLfjHkGz31Ey4TEavoqL%2FXZs3bUfSLs%3D\",\n  \"nel\": \"{\\\"report_to\\\":\\\"heroku-nel\\\",\\\"max_age\\\":3600,\\\"success_fraction\\\":0.005,\\\"failure_fraction\\\":0.05,\\\"response_headers\\\":[\\\"Via\\\"]}\",\n  \"connection\": \"keep-alive\",\n  \"content-type\": \"application/json\",\n  \"www-authenticate\": \"Basic realm=\\\"api\\\"\",\n  \"allow\": \"GET, PUT, PATCH, DELETE, HEAD, OPTIONS\",\n  \"x-content-type-options\": \"nosniff\",\n  \"referrer-policy\": \"same-origin\",\n  \"x-frame-options\": \"DENY\",\n  \"content-length\": \"58\",\n  \"vary\": \"Origin, Cookie\",\n  \"via\": \"1.1 vegur\"\n}\nBody: {\n  \"errors\": [\n    {\n      \"field\": \"detail\",\n      \"message\": \"Invalid token.\"\n    }\n  ]\n}\n\n\nhttps://on.cypress.io/request\n    at <unknown> (http://localhost:51104/__cypress/runner/cypress_runner.js:133013:72)\n    at tryCatcher (http://localhost:51104/__cypress/runner/cypress_runner.js:1807:23)\n    at Promise._settlePromiseFromHandler (http://localhost:51104/__cypress/runner/cypress_runner.js:1519:31)\n    at Promise._settlePromise (http://localhost:51104/__cypress/runner/cypress_runner.js:1576:18)\n    at Promise._settlePromise0 (http://localhost:51104/__cypress/runner/cypress_runner.js:1621:10)\n    at Promise._settlePromises (http://localhost:51104/__cypress/runner/cypress_runner.js:1701:18)\n    at _drainQueueStep (http://localhost:51104/__cypress/runner/cypress_runner.js:2407:12)\n    at _drainQueue (http://localhost:51104/__cypress/runner/cypress_runner.js:2400:9)\n    at Async._drainQueues (http://localhost:51104/__cypress/runner/cypress_runner.js:2416:5)\n    at Async.drainQueues (http://localhost:51104/__cypress/runner/cypress_runner.js:2286:14)\nFrom Your Spec Code:\n    at Context.eval (webpack://crowdbotics/./cypress/integration/api/pages/ConnectorsPage.js:54:11)",
                "diff": null
              },
              "uuid": "ef482c86-9fd4-4698-8ff8-4afd5c4d038c",
              "parentUUID": "89efab33-7b21-44c3-a279-60f26d4c269e",
              "isHook": false,
              "skipped": false
            },
            {
              "title": "Get Connectors Flow",
              "fullTitle": "Connectors Page Get Connectors Flow",
              "timedOut": null,
              "duration": 485,
              "state": "failed",
              "speed": null,
              "pass": false,
              "fail": true,
              "pending": false,
              "context": "{\n  \"title\": \"cypress-mochawesome-reporter-screenshots\",\n  \"value\": [\n    [\n      \"\\\\ConnectorsPageTest.js\\\\Connectors Page -- Get Connectors Flow (failed) (1).png\"\n    ]\n  ]\n}",
              "code": "(0, _ConnectorsPage.doGetConnector)(authKey, app_id).then(response => {\n  expect(response.status).to.eq(200);\n  cy.log(\"Get Connectors response\", response.body);\n});",
              "err": {
                "message": "CypressError: `cy.request()` failed on:\n\nhttps://crowdbotics-slack-dev.herokuapp.com/api/v2/apps/undefined/connectors/\n\nThe response we received from your web server was:\n\n  > 401: Unauthorized\n\nThis was considered a failure because the status code was not `2xx` or `3xx`.\n\nIf you do not want status codes to cause failures pass the option: `failOnStatusCode: false`\n\n-----------------------------------------------------------\n\nThe request we sent was:\n\nMethod: GET\nURL: https://crowdbotics-slack-dev.herokuapp.com/api/v2/apps/undefined/connectors/\nHeaders: {\n  \"Connection\": \"keep-alive\",\n  \"Authorization\": \"Token undefined\",\n  \"user-agent\": \"Mozilla/5.0 (Windows NT 10.0; Win64; x64) AppleWebKit/537.36 (KHTML, like Gecko) Cypress/13.2.0 Chrome/114.0.5735.289 Electron/25.8.0 Safari/537.36\",\n  \"accept\": \"*/*\",\n  \"accept-encoding\": \"gzip, deflate\"\n}\n\n-----------------------------------------------------------\n\nThe response we got was:\n\nStatus: 401 - Unauthorized\nHeaders: {\n  \"server\": \"Cowboy\",\n  \"date\": \"Fri, 23 Feb 2024 05:49:50 GMT\",\n  \"report-to\": \"{\\\"group\\\":\\\"heroku-nel\\\",\\\"max_age\\\":3600,\\\"endpoints\\\":[{\\\"url\\\":\\\"https://nel.heroku.com/reports?ts=1708667391&sid=67ff5de4-ad2b-4112-9289-cf96be89efed&s=TEP4Af%2Fn2SnMv6Fx9dNN4BzZRpjA1ILyVMMtCmjjvQg%3D\\\"}]}\",\n  \"reporting-endpoints\": \"heroku-nel=https://nel.heroku.com/reports?ts=1708667391&sid=67ff5de4-ad2b-4112-9289-cf96be89efed&s=TEP4Af%2Fn2SnMv6Fx9dNN4BzZRpjA1ILyVMMtCmjjvQg%3D\",\n  \"nel\": \"{\\\"report_to\\\":\\\"heroku-nel\\\",\\\"max_age\\\":3600,\\\"success_fraction\\\":0.005,\\\"failure_fraction\\\":0.05,\\\"response_headers\\\":[\\\"Via\\\"]}\",\n  \"connection\": \"keep-alive\",\n  \"content-type\": \"application/json\",\n  \"www-authenticate\": \"Basic realm=\\\"api\\\"\",\n  \"allow\": \"GET, POST, HEAD, OPTIONS\",\n  \"x-content-type-options\": \"nosniff\",\n  \"referrer-policy\": \"same-origin\",\n  \"x-frame-options\": \"DENY\",\n  \"content-length\": \"58\",\n  \"vary\": \"Origin, Cookie\",\n  \"via\": \"1.1 vegur\"\n}\nBody: {\n  \"errors\": [\n    {\n      \"field\": \"detail\",\n      \"message\": \"Invalid token.\"\n    }\n  ]\n}\n\n\nhttps://on.cypress.io/request",
                "estack": "CypressError: `cy.request()` failed on:\n\nhttps://crowdbotics-slack-dev.herokuapp.com/api/v2/apps/undefined/connectors/\n\nThe response we received from your web server was:\n\n  > 401: Unauthorized\n\nThis was considered a failure because the status code was not `2xx` or `3xx`.\n\nIf you do not want status codes to cause failures pass the option: `failOnStatusCode: false`\n\n-----------------------------------------------------------\n\nThe request we sent was:\n\nMethod: GET\nURL: https://crowdbotics-slack-dev.herokuapp.com/api/v2/apps/undefined/connectors/\nHeaders: {\n  \"Connection\": \"keep-alive\",\n  \"Authorization\": \"Token undefined\",\n  \"user-agent\": \"Mozilla/5.0 (Windows NT 10.0; Win64; x64) AppleWebKit/537.36 (KHTML, like Gecko) Cypress/13.2.0 Chrome/114.0.5735.289 Electron/25.8.0 Safari/537.36\",\n  \"accept\": \"*/*\",\n  \"accept-encoding\": \"gzip, deflate\"\n}\n\n-----------------------------------------------------------\n\nThe response we got was:\n\nStatus: 401 - Unauthorized\nHeaders: {\n  \"server\": \"Cowboy\",\n  \"date\": \"Fri, 23 Feb 2024 05:49:50 GMT\",\n  \"report-to\": \"{\\\"group\\\":\\\"heroku-nel\\\",\\\"max_age\\\":3600,\\\"endpoints\\\":[{\\\"url\\\":\\\"https://nel.heroku.com/reports?ts=1708667391&sid=67ff5de4-ad2b-4112-9289-cf96be89efed&s=TEP4Af%2Fn2SnMv6Fx9dNN4BzZRpjA1ILyVMMtCmjjvQg%3D\\\"}]}\",\n  \"reporting-endpoints\": \"heroku-nel=https://nel.heroku.com/reports?ts=1708667391&sid=67ff5de4-ad2b-4112-9289-cf96be89efed&s=TEP4Af%2Fn2SnMv6Fx9dNN4BzZRpjA1ILyVMMtCmjjvQg%3D\",\n  \"nel\": \"{\\\"report_to\\\":\\\"heroku-nel\\\",\\\"max_age\\\":3600,\\\"success_fraction\\\":0.005,\\\"failure_fraction\\\":0.05,\\\"response_headers\\\":[\\\"Via\\\"]}\",\n  \"connection\": \"keep-alive\",\n  \"content-type\": \"application/json\",\n  \"www-authenticate\": \"Basic realm=\\\"api\\\"\",\n  \"allow\": \"GET, POST, HEAD, OPTIONS\",\n  \"x-content-type-options\": \"nosniff\",\n  \"referrer-policy\": \"same-origin\",\n  \"x-frame-options\": \"DENY\",\n  \"content-length\": \"58\",\n  \"vary\": \"Origin, Cookie\",\n  \"via\": \"1.1 vegur\"\n}\nBody: {\n  \"errors\": [\n    {\n      \"field\": \"detail\",\n      \"message\": \"Invalid token.\"\n    }\n  ]\n}\n\n\nhttps://on.cypress.io/request\n    at <unknown> (http://localhost:51104/__cypress/runner/cypress_runner.js:133013:72)\n    at tryCatcher (http://localhost:51104/__cypress/runner/cypress_runner.js:1807:23)\n    at Promise._settlePromiseFromHandler (http://localhost:51104/__cypress/runner/cypress_runner.js:1519:31)\n    at Promise._settlePromise (http://localhost:51104/__cypress/runner/cypress_runner.js:1576:18)\n    at Promise._settlePromise0 (http://localhost:51104/__cypress/runner/cypress_runner.js:1621:10)\n    at Promise._settlePromises (http://localhost:51104/__cypress/runner/cypress_runner.js:1701:18)\n    at _drainQueueStep (http://localhost:51104/__cypress/runner/cypress_runner.js:2407:12)\n    at _drainQueue (http://localhost:51104/__cypress/runner/cypress_runner.js:2400:9)\n    at Async._drainQueues (http://localhost:51104/__cypress/runner/cypress_runner.js:2416:5)\n    at Async.drainQueues (http://localhost:51104/__cypress/runner/cypress_runner.js:2286:14)\nFrom Your Spec Code:\n    at doGetConnector (webpack://crowdbotics/./cypress/integration/api/pages/ConnectorsPage.js:24:14)\n    at Context.eval (webpack://crowdbotics/./cypress/integration/api/tests/ConnectorsPageTest.js:51:23)",
                "diff": null
              },
              "uuid": "bb848165-c51d-4ca2-a84a-b1adb9ad0f25",
              "parentUUID": "89efab33-7b21-44c3-a279-60f26d4c269e",
              "isHook": false,
              "skipped": false
            },
            {
              "title": "Get Connectors Using Id Flow",
              "fullTitle": "Connectors Page Get Connectors Using Id Flow",
              "timedOut": null,
              "duration": 793,
              "state": "failed",
              "speed": null,
              "pass": false,
              "fail": true,
              "pending": false,
              "context": "{\n  \"title\": \"cypress-mochawesome-reporter-screenshots\",\n  \"value\": [\n    [\n      \"\\\\ConnectorsPageTest.js\\\\Connectors Page -- Get Connectors Using Id Flow (failed).png\"\n    ]\n  ]\n}",
              "code": "(0, _ConnectorsPage.doGetConnectorUsingId)(authKey, app_id, connector_id).then(response => {\n  expect(response.status).to.eq(200);\n  cy.log(\"Get Connectors Using Id response\", response.body);\n});",
              "err": {
                "message": "CypressError: `cy.request()` failed on:\n\nhttps://crowdbotics-slack-dev.herokuapp.com/api/v2/apps/undefined/connectors/undefined\n\nThe response we received from your web server was:\n\n  > 401: Unauthorized\n\nThis was considered a failure because the status code was not `2xx` or `3xx`.\n\nIf you do not want status codes to cause failures pass the option: `failOnStatusCode: false`\n\n-----------------------------------------------------------\n\nThe request we sent was:\n\nMethod: GET\nURL: https://crowdbotics-slack-dev.herokuapp.com/api/v2/apps/undefined/connectors/undefined\nHeaders: {\n  \"Connection\": \"keep-alive\",\n  \"Authorization\": \"Token undefined\",\n  \"user-agent\": \"Mozilla/5.0 (Windows NT 10.0; Win64; x64) AppleWebKit/537.36 (KHTML, like Gecko) Cypress/13.2.0 Chrome/114.0.5735.289 Electron/25.8.0 Safari/537.36\",\n  \"accept\": \"*/*\",\n  \"accept-encoding\": \"gzip, deflate\",\n  \"referer\": \"https://crowdbotics-slack-dev.herokuapp.com/api/v2/apps/undefined/connectors/undefined\"\n}\nRedirects: [\n  \"301: https://crowdbotics-slack-dev.herokuapp.com/api/v2/apps/undefined/connectors/undefined/\"\n]\n\n-----------------------------------------------------------\n\nThe response we got was:\n\nStatus: 401 - Unauthorized\nHeaders: {\n  \"server\": \"Cowboy\",\n  \"date\": \"Fri, 23 Feb 2024 05:49:51 GMT\",\n  \"report-to\": \"{\\\"group\\\":\\\"heroku-nel\\\",\\\"max_age\\\":3600,\\\"endpoints\\\":[{\\\"url\\\":\\\"https://nel.heroku.com/reports?ts=1708667391&sid=67ff5de4-ad2b-4112-9289-cf96be89efed&s=TEP4Af%2Fn2SnMv6Fx9dNN4BzZRpjA1ILyVMMtCmjjvQg%3D\\\"}]}\",\n  \"reporting-endpoints\": \"heroku-nel=https://nel.heroku.com/reports?ts=1708667391&sid=67ff5de4-ad2b-4112-9289-cf96be89efed&s=TEP4Af%2Fn2SnMv6Fx9dNN4BzZRpjA1ILyVMMtCmjjvQg%3D\",\n  \"nel\": \"{\\\"report_to\\\":\\\"heroku-nel\\\",\\\"max_age\\\":3600,\\\"success_fraction\\\":0.005,\\\"failure_fraction\\\":0.05,\\\"response_headers\\\":[\\\"Via\\\"]}\",\n  \"connection\": \"keep-alive\",\n  \"content-type\": \"application/json\",\n  \"www-authenticate\": \"Basic realm=\\\"api\\\"\",\n  \"allow\": \"GET, PUT, PATCH, DELETE, HEAD, OPTIONS\",\n  \"x-content-type-options\": \"nosniff\",\n  \"referrer-policy\": \"same-origin\",\n  \"x-frame-options\": \"DENY\",\n  \"content-length\": \"58\",\n  \"vary\": \"Origin, Cookie\",\n  \"via\": \"1.1 vegur\"\n}\nBody: {\n  \"errors\": [\n    {\n      \"field\": \"detail\",\n      \"message\": \"Invalid token.\"\n    }\n  ]\n}\n\n\nhttps://on.cypress.io/request",
                "estack": "CypressError: `cy.request()` failed on:\n\nhttps://crowdbotics-slack-dev.herokuapp.com/api/v2/apps/undefined/connectors/undefined\n\nThe response we received from your web server was:\n\n  > 401: Unauthorized\n\nThis was considered a failure because the status code was not `2xx` or `3xx`.\n\nIf you do not want status codes to cause failures pass the option: `failOnStatusCode: false`\n\n-----------------------------------------------------------\n\nThe request we sent was:\n\nMethod: GET\nURL: https://crowdbotics-slack-dev.herokuapp.com/api/v2/apps/undefined/connectors/undefined\nHeaders: {\n  \"Connection\": \"keep-alive\",\n  \"Authorization\": \"Token undefined\",\n  \"user-agent\": \"Mozilla/5.0 (Windows NT 10.0; Win64; x64) AppleWebKit/537.36 (KHTML, like Gecko) Cypress/13.2.0 Chrome/114.0.5735.289 Electron/25.8.0 Safari/537.36\",\n  \"accept\": \"*/*\",\n  \"accept-encoding\": \"gzip, deflate\",\n  \"referer\": \"https://crowdbotics-slack-dev.herokuapp.com/api/v2/apps/undefined/connectors/undefined\"\n}\nRedirects: [\n  \"301: https://crowdbotics-slack-dev.herokuapp.com/api/v2/apps/undefined/connectors/undefined/\"\n]\n\n-----------------------------------------------------------\n\nThe response we got was:\n\nStatus: 401 - Unauthorized\nHeaders: {\n  \"server\": \"Cowboy\",\n  \"date\": \"Fri, 23 Feb 2024 05:49:51 GMT\",\n  \"report-to\": \"{\\\"group\\\":\\\"heroku-nel\\\",\\\"max_age\\\":3600,\\\"endpoints\\\":[{\\\"url\\\":\\\"https://nel.heroku.com/reports?ts=1708667391&sid=67ff5de4-ad2b-4112-9289-cf96be89efed&s=TEP4Af%2Fn2SnMv6Fx9dNN4BzZRpjA1ILyVMMtCmjjvQg%3D\\\"}]}\",\n  \"reporting-endpoints\": \"heroku-nel=https://nel.heroku.com/reports?ts=1708667391&sid=67ff5de4-ad2b-4112-9289-cf96be89efed&s=TEP4Af%2Fn2SnMv6Fx9dNN4BzZRpjA1ILyVMMtCmjjvQg%3D\",\n  \"nel\": \"{\\\"report_to\\\":\\\"heroku-nel\\\",\\\"max_age\\\":3600,\\\"success_fraction\\\":0.005,\\\"failure_fraction\\\":0.05,\\\"response_headers\\\":[\\\"Via\\\"]}\",\n  \"connection\": \"keep-alive\",\n  \"content-type\": \"application/json\",\n  \"www-authenticate\": \"Basic realm=\\\"api\\\"\",\n  \"allow\": \"GET, PUT, PATCH, DELETE, HEAD, OPTIONS\",\n  \"x-content-type-options\": \"nosniff\",\n  \"referrer-policy\": \"same-origin\",\n  \"x-frame-options\": \"DENY\",\n  \"content-length\": \"58\",\n  \"vary\": \"Origin, Cookie\",\n  \"via\": \"1.1 vegur\"\n}\nBody: {\n  \"errors\": [\n    {\n      \"field\": \"detail\",\n      \"message\": \"Invalid token.\"\n    }\n  ]\n}\n\n\nhttps://on.cypress.io/request\n    at <unknown> (http://localhost:51104/__cypress/runner/cypress_runner.js:133013:72)\n    at tryCatcher (http://localhost:51104/__cypress/runner/cypress_runner.js:1807:23)\n    at Promise._settlePromiseFromHandler (http://localhost:51104/__cypress/runner/cypress_runner.js:1519:31)\n    at Promise._settlePromise (http://localhost:51104/__cypress/runner/cypress_runner.js:1576:18)\n    at Promise._settlePromise0 (http://localhost:51104/__cypress/runner/cypress_runner.js:1621:10)\n    at Promise._settlePromises (http://localhost:51104/__cypress/runner/cypress_runner.js:1701:18)\n    at _drainQueueStep (http://localhost:51104/__cypress/runner/cypress_runner.js:2407:12)\n    at _drainQueue (http://localhost:51104/__cypress/runner/cypress_runner.js:2400:9)\n    at Async._drainQueues (http://localhost:51104/__cypress/runner/cypress_runner.js:2416:5)\n    at Async.drainQueues (http://localhost:51104/__cypress/runner/cypress_runner.js:2286:14)\nFrom Your Spec Code:\n    at doGetConnectorUsingId (webpack://crowdbotics/./cypress/integration/api/pages/ConnectorsPage.js:37:14)\n    at Context.eval (webpack://crowdbotics/./cypress/integration/api/tests/ConnectorsPageTest.js:58:30)",
                "diff": null
              },
              "uuid": "328efac8-a245-4da5-993f-e843fe4fe87b",
              "parentUUID": "89efab33-7b21-44c3-a279-60f26d4c269e",
              "isHook": false,
              "skipped": false
            },
            {
              "title": "Delete Connector Flow",
              "fullTitle": "Connectors Page Delete Connector Flow",
              "timedOut": null,
              "duration": 1434,
              "state": "failed",
              "speed": null,
              "pass": false,
              "fail": true,
              "pending": false,
              "context": "{\n  \"title\": \"cypress-mochawesome-reporter-screenshots\",\n  \"value\": [\n    [\n      \"\\\\ConnectorsPageTest.js\\\\Connectors Page -- Delete Connector Flow (failed).png\"\n    ]\n  ]\n}",
              "code": "(0, _ConnectorsPage.doDeleteConnector)(authKey, app_id, connector_id).then(response => {\n  expect(response.status).to.eq(200);\n  cy.log(\"Delete Connector response\", response.body);\n});",
              "err": {
                "message": "CypressError: `cy.request()` failed on:\n\nhttps://crowdbotics-slack-dev.herokuapp.com/api/v2/apps/undefined/connectors/undefined\n\nThe response we received from your web server was:\n\n  > 401: Unauthorized\n\nThis was considered a failure because the status code was not `2xx` or `3xx`.\n\nIf you do not want status codes to cause failures pass the option: `failOnStatusCode: false`\n\n-----------------------------------------------------------\n\nThe request we sent was:\n\nMethod: DELETE\nURL: https://crowdbotics-slack-dev.herokuapp.com/api/v2/apps/undefined/connectors/undefined\nHeaders: {\n  \"Connection\": \"keep-alive\",\n  \"Authorization\": \"Token undefined\",\n  \"user-agent\": \"Mozilla/5.0 (Windows NT 10.0; Win64; x64) AppleWebKit/537.36 (KHTML, like Gecko) Cypress/13.2.0 Chrome/114.0.5735.289 Electron/25.8.0 Safari/537.36\",\n  \"accept\": \"*/*\",\n  \"accept-encoding\": \"gzip, deflate\",\n  \"referer\": \"https://crowdbotics-slack-dev.herokuapp.com/api/v2/apps/undefined/connectors/undefined\"\n}\nRedirects: [\n  \"301: https://crowdbotics-slack-dev.herokuapp.com/api/v2/apps/undefined/connectors/undefined/\"\n]\n\n-----------------------------------------------------------\n\nThe response we got was:\n\nStatus: 401 - Unauthorized\nHeaders: {\n  \"server\": \"Cowboy\",\n  \"date\": \"Fri, 23 Feb 2024 05:49:53 GMT\",\n  \"report-to\": \"{\\\"group\\\":\\\"heroku-nel\\\",\\\"max_age\\\":3600,\\\"endpoints\\\":[{\\\"url\\\":\\\"https://nel.heroku.com/reports?ts=1708667393&sid=67ff5de4-ad2b-4112-9289-cf96be89efed&s=GbiLQuEKG32RuF%2F40xgQu8Up6ifywsx4HMJqd%2FbhIow%3D\\\"}]}\",\n  \"reporting-endpoints\": \"heroku-nel=https://nel.heroku.com/reports?ts=1708667393&sid=67ff5de4-ad2b-4112-9289-cf96be89efed&s=GbiLQuEKG32RuF%2F40xgQu8Up6ifywsx4HMJqd%2FbhIow%3D\",\n  \"nel\": \"{\\\"report_to\\\":\\\"heroku-nel\\\",\\\"max_age\\\":3600,\\\"success_fraction\\\":0.005,\\\"failure_fraction\\\":0.05,\\\"response_headers\\\":[\\\"Via\\\"]}\",\n  \"connection\": \"keep-alive\",\n  \"content-type\": \"application/json\",\n  \"www-authenticate\": \"Basic realm=\\\"api\\\"\",\n  \"allow\": \"GET, PUT, PATCH, DELETE, HEAD, OPTIONS\",\n  \"x-content-type-options\": \"nosniff\",\n  \"referrer-policy\": \"same-origin\",\n  \"x-frame-options\": \"DENY\",\n  \"content-length\": \"58\",\n  \"vary\": \"Origin, Cookie\",\n  \"via\": \"1.1 vegur\"\n}\nBody: {\n  \"errors\": [\n    {\n      \"field\": \"detail\",\n      \"message\": \"Invalid token.\"\n    }\n  ]\n}\n\n\nhttps://on.cypress.io/request",
                "estack": "CypressError: `cy.request()` failed on:\n\nhttps://crowdbotics-slack-dev.herokuapp.com/api/v2/apps/undefined/connectors/undefined\n\nThe response we received from your web server was:\n\n  > 401: Unauthorized\n\nThis was considered a failure because the status code was not `2xx` or `3xx`.\n\nIf you do not want status codes to cause failures pass the option: `failOnStatusCode: false`\n\n-----------------------------------------------------------\n\nThe request we sent was:\n\nMethod: DELETE\nURL: https://crowdbotics-slack-dev.herokuapp.com/api/v2/apps/undefined/connectors/undefined\nHeaders: {\n  \"Connection\": \"keep-alive\",\n  \"Authorization\": \"Token undefined\",\n  \"user-agent\": \"Mozilla/5.0 (Windows NT 10.0; Win64; x64) AppleWebKit/537.36 (KHTML, like Gecko) Cypress/13.2.0 Chrome/114.0.5735.289 Electron/25.8.0 Safari/537.36\",\n  \"accept\": \"*/*\",\n  \"accept-encoding\": \"gzip, deflate\",\n  \"referer\": \"https://crowdbotics-slack-dev.herokuapp.com/api/v2/apps/undefined/connectors/undefined\"\n}\nRedirects: [\n  \"301: https://crowdbotics-slack-dev.herokuapp.com/api/v2/apps/undefined/connectors/undefined/\"\n]\n\n-----------------------------------------------------------\n\nThe response we got was:\n\nStatus: 401 - Unauthorized\nHeaders: {\n  \"server\": \"Cowboy\",\n  \"date\": \"Fri, 23 Feb 2024 05:49:53 GMT\",\n  \"report-to\": \"{\\\"group\\\":\\\"heroku-nel\\\",\\\"max_age\\\":3600,\\\"endpoints\\\":[{\\\"url\\\":\\\"https://nel.heroku.com/reports?ts=1708667393&sid=67ff5de4-ad2b-4112-9289-cf96be89efed&s=GbiLQuEKG32RuF%2F40xgQu8Up6ifywsx4HMJqd%2FbhIow%3D\\\"}]}\",\n  \"reporting-endpoints\": \"heroku-nel=https://nel.heroku.com/reports?ts=1708667393&sid=67ff5de4-ad2b-4112-9289-cf96be89efed&s=GbiLQuEKG32RuF%2F40xgQu8Up6ifywsx4HMJqd%2FbhIow%3D\",\n  \"nel\": \"{\\\"report_to\\\":\\\"heroku-nel\\\",\\\"max_age\\\":3600,\\\"success_fraction\\\":0.005,\\\"failure_fraction\\\":0.05,\\\"response_headers\\\":[\\\"Via\\\"]}\",\n  \"connection\": \"keep-alive\",\n  \"content-type\": \"application/json\",\n  \"www-authenticate\": \"Basic realm=\\\"api\\\"\",\n  \"allow\": \"GET, PUT, PATCH, DELETE, HEAD, OPTIONS\",\n  \"x-content-type-options\": \"nosniff\",\n  \"referrer-policy\": \"same-origin\",\n  \"x-frame-options\": \"DENY\",\n  \"content-length\": \"58\",\n  \"vary\": \"Origin, Cookie\",\n  \"via\": \"1.1 vegur\"\n}\nBody: {\n  \"errors\": [\n    {\n      \"field\": \"detail\",\n      \"message\": \"Invalid token.\"\n    }\n  ]\n}\n\n\nhttps://on.cypress.io/request\n    at <unknown> (http://localhost:51104/__cypress/runner/cypress_runner.js:133013:72)\n    at tryCatcher (http://localhost:51104/__cypress/runner/cypress_runner.js:1807:23)\n    at Promise._settlePromiseFromHandler (http://localhost:51104/__cypress/runner/cypress_runner.js:1519:31)\n    at Promise._settlePromise (http://localhost:51104/__cypress/runner/cypress_runner.js:1576:18)\n    at Promise._settlePromise0 (http://localhost:51104/__cypress/runner/cypress_runner.js:1621:10)\n    at Promise._settlePromises (http://localhost:51104/__cypress/runner/cypress_runner.js:1701:18)\n    at _drainQueueStep (http://localhost:51104/__cypress/runner/cypress_runner.js:2407:12)\n    at _drainQueue (http://localhost:51104/__cypress/runner/cypress_runner.js:2400:9)\n    at Async._drainQueues (http://localhost:51104/__cypress/runner/cypress_runner.js:2416:5)\n    at Async.drainQueues (http://localhost:51104/__cypress/runner/cypress_runner.js:2286:14)\nFrom Your Spec Code:\n    at doDeleteConnector (webpack://crowdbotics/./cypress/integration/api/pages/ConnectorsPage.js:69:14)\n    at Context.eval (webpack://crowdbotics/./cypress/integration/api/tests/ConnectorsPageTest.js:64:26)",
                "diff": null
              },
              "uuid": "34d46aea-2476-46b0-a96a-742b98a771f5",
              "parentUUID": "89efab33-7b21-44c3-a279-60f26d4c269e",
              "isHook": false,
              "skipped": false
            },
            {
              "title": "Get Installer Installed Components",
              "fullTitle": "Connectors Page Get Installer Installed Components",
              "timedOut": null,
              "duration": 537,
              "state": "failed",
              "speed": null,
              "pass": false,
              "fail": true,
              "pending": false,
              "context": "{\n  \"title\": \"cypress-mochawesome-reporter-screenshots\",\n  \"value\": [\n    [\n      \"\\\\ConnectorsPageTest.js\\\\Connectors Page -- Get Installer Installed Components (failed).png\"\n    ]\n  ]\n}",
              "code": "(0, _ConnectorsPage.doGetInstallerInstalComponent)(authKey, app_id).then(response => {\n  expect(response.status).to.eq(200);\n  cy.log(\"Get installed Components with Status response\", response.body);\n});",
              "err": {
                "message": "CypressError: `cy.request()` failed on:\n\nhttps://crowdbotics-slack-dev.herokuapp.com/api/v1/apps/undefined/installer/installed-components/\n\nThe response we received from your web server was:\n\n  > 401: Unauthorized\n\nThis was considered a failure because the status code was not `2xx` or `3xx`.\n\nIf you do not want status codes to cause failures pass the option: `failOnStatusCode: false`\n\n-----------------------------------------------------------\n\nThe request we sent was:\n\nMethod: GET\nURL: https://crowdbotics-slack-dev.herokuapp.com/api/v1/apps/undefined/installer/installed-components/\nHeaders: {\n  \"Connection\": \"keep-alive\",\n  \"Authorization\": \"Token undefined\",\n  \"user-agent\": \"Mozilla/5.0 (Windows NT 10.0; Win64; x64) AppleWebKit/537.36 (KHTML, like Gecko) Cypress/13.2.0 Chrome/114.0.5735.289 Electron/25.8.0 Safari/537.36\",\n  \"accept\": \"*/*\",\n  \"accept-encoding\": \"gzip, deflate\"\n}\n\n-----------------------------------------------------------\n\nThe response we got was:\n\nStatus: 401 - Unauthorized\nHeaders: {\n  \"server\": \"Cowboy\",\n  \"date\": \"Fri, 23 Feb 2024 05:49:54 GMT\",\n  \"report-to\": \"{\\\"group\\\":\\\"heroku-nel\\\",\\\"max_age\\\":3600,\\\"endpoints\\\":[{\\\"url\\\":\\\"https://nel.heroku.com/reports?ts=1708667394&sid=67ff5de4-ad2b-4112-9289-cf96be89efed&s=0Le4nJ7jiWB24bKTwQmlWIFyanZx32D1a29w%2Fp2ASqg%3D\\\"}]}\",\n  \"reporting-endpoints\": \"heroku-nel=https://nel.heroku.com/reports?ts=1708667394&sid=67ff5de4-ad2b-4112-9289-cf96be89efed&s=0Le4nJ7jiWB24bKTwQmlWIFyanZx32D1a29w%2Fp2ASqg%3D\",\n  \"nel\": \"{\\\"report_to\\\":\\\"heroku-nel\\\",\\\"max_age\\\":3600,\\\"success_fraction\\\":0.005,\\\"failure_fraction\\\":0.05,\\\"response_headers\\\":[\\\"Via\\\"]}\",\n  \"connection\": \"keep-alive\",\n  \"content-type\": \"application/json\",\n  \"www-authenticate\": \"Basic realm=\\\"api\\\"\",\n  \"allow\": \"GET, HEAD, OPTIONS\",\n  \"x-content-type-options\": \"nosniff\",\n  \"referrer-policy\": \"same-origin\",\n  \"x-frame-options\": \"DENY\",\n  \"content-length\": \"58\",\n  \"vary\": \"Origin, Cookie\",\n  \"via\": \"1.1 vegur\"\n}\nBody: {\n  \"errors\": [\n    {\n      \"field\": \"detail\",\n      \"message\": \"Invalid token.\"\n    }\n  ]\n}\n\n\nhttps://on.cypress.io/request",
                "estack": "CypressError: `cy.request()` failed on:\n\nhttps://crowdbotics-slack-dev.herokuapp.com/api/v1/apps/undefined/installer/installed-components/\n\nThe response we received from your web server was:\n\n  > 401: Unauthorized\n\nThis was considered a failure because the status code was not `2xx` or `3xx`.\n\nIf you do not want status codes to cause failures pass the option: `failOnStatusCode: false`\n\n-----------------------------------------------------------\n\nThe request we sent was:\n\nMethod: GET\nURL: https://crowdbotics-slack-dev.herokuapp.com/api/v1/apps/undefined/installer/installed-components/\nHeaders: {\n  \"Connection\": \"keep-alive\",\n  \"Authorization\": \"Token undefined\",\n  \"user-agent\": \"Mozilla/5.0 (Windows NT 10.0; Win64; x64) AppleWebKit/537.36 (KHTML, like Gecko) Cypress/13.2.0 Chrome/114.0.5735.289 Electron/25.8.0 Safari/537.36\",\n  \"accept\": \"*/*\",\n  \"accept-encoding\": \"gzip, deflate\"\n}\n\n-----------------------------------------------------------\n\nThe response we got was:\n\nStatus: 401 - Unauthorized\nHeaders: {\n  \"server\": \"Cowboy\",\n  \"date\": \"Fri, 23 Feb 2024 05:49:54 GMT\",\n  \"report-to\": \"{\\\"group\\\":\\\"heroku-nel\\\",\\\"max_age\\\":3600,\\\"endpoints\\\":[{\\\"url\\\":\\\"https://nel.heroku.com/reports?ts=1708667394&sid=67ff5de4-ad2b-4112-9289-cf96be89efed&s=0Le4nJ7jiWB24bKTwQmlWIFyanZx32D1a29w%2Fp2ASqg%3D\\\"}]}\",\n  \"reporting-endpoints\": \"heroku-nel=https://nel.heroku.com/reports?ts=1708667394&sid=67ff5de4-ad2b-4112-9289-cf96be89efed&s=0Le4nJ7jiWB24bKTwQmlWIFyanZx32D1a29w%2Fp2ASqg%3D\",\n  \"nel\": \"{\\\"report_to\\\":\\\"heroku-nel\\\",\\\"max_age\\\":3600,\\\"success_fraction\\\":0.005,\\\"failure_fraction\\\":0.05,\\\"response_headers\\\":[\\\"Via\\\"]}\",\n  \"connection\": \"keep-alive\",\n  \"content-type\": \"application/json\",\n  \"www-authenticate\": \"Basic realm=\\\"api\\\"\",\n  \"allow\": \"GET, HEAD, OPTIONS\",\n  \"x-content-type-options\": \"nosniff\",\n  \"referrer-policy\": \"same-origin\",\n  \"x-frame-options\": \"DENY\",\n  \"content-length\": \"58\",\n  \"vary\": \"Origin, Cookie\",\n  \"via\": \"1.1 vegur\"\n}\nBody: {\n  \"errors\": [\n    {\n      \"field\": \"detail\",\n      \"message\": \"Invalid token.\"\n    }\n  ]\n}\n\n\nhttps://on.cypress.io/request\n    at <unknown> (http://localhost:51104/__cypress/runner/cypress_runner.js:133013:72)\n    at tryCatcher (http://localhost:51104/__cypress/runner/cypress_runner.js:1807:23)\n    at Promise._settlePromiseFromHandler (http://localhost:51104/__cypress/runner/cypress_runner.js:1519:31)\n    at Promise._settlePromise (http://localhost:51104/__cypress/runner/cypress_runner.js:1576:18)\n    at Promise._settlePromise0 (http://localhost:51104/__cypress/runner/cypress_runner.js:1621:10)\n    at Promise._settlePromises (http://localhost:51104/__cypress/runner/cypress_runner.js:1701:18)\n    at _drainQueueStep (http://localhost:51104/__cypress/runner/cypress_runner.js:2407:12)\n    at _drainQueue (http://localhost:51104/__cypress/runner/cypress_runner.js:2400:9)\n    at Async._drainQueues (http://localhost:51104/__cypress/runner/cypress_runner.js:2416:5)\n    at Async.drainQueues (http://localhost:51104/__cypress/runner/cypress_runner.js:2286:14)\nFrom Your Spec Code:\n    at doGetInstallerInstalComponent (webpack://crowdbotics/./cypress/integration/api/pages/ConnectorsPage.js:82:14)\n    at Context.eval (webpack://crowdbotics/./cypress/integration/api/tests/ConnectorsPageTest.js:70:38)",
                "diff": null
              },
              "uuid": "6a183f2c-d755-47a7-912a-e51f61c3a9bb",
              "parentUUID": "89efab33-7b21-44c3-a279-60f26d4c269e",
              "isHook": false,
              "skipped": false
            }
          ],
          "suites": [],
          "passes": [],
          "failures": [
            "a2d1a75e-3210-4390-a6d5-dcfb4417e531",
            "f2a9a1e2-3bf7-48c7-9b01-4897f2c9dc9d",
            "ef482c86-9fd4-4698-8ff8-4afd5c4d038c",
            "bb848165-c51d-4ca2-a84a-b1adb9ad0f25",
            "328efac8-a245-4da5-993f-e843fe4fe87b",
            "34d46aea-2476-46b0-a96a-742b98a771f5",
            "6a183f2c-d755-47a7-912a-e51f61c3a9bb"
          ],
          "pending": [],
          "skipped": [],
          "duration": 7295,
          "root": false,
          "rootEmpty": false,
          "_timeout": 2000
        }
      ],
      "passes": [],
      "failures": [],
      "pending": [],
      "skipped": [],
      "duration": 0,
      "root": true,
      "rootEmpty": true,
      "_timeout": 2000
    }
  ],
  "meta": {
    "mocha": {
      "version": "7.0.1"
    },
    "mochawesome": {
      "options": {
        "quiet": false,
        "reportFilename": "mochawesome",
        "saveHtml": false,
        "saveJson": true,
        "consoleReporter": "spec",
        "useInlineDiffs": false,
        "code": true
      },
      "version": "7.1.3"
    },
    "marge": {
      "options": {
        "overwrite": false,
        "html": false,
        "json": true,
        "reportDir": "cypress\\reports\\html\\.jsons"
      },
      "version": "6.2.0"
    }
  }
}