{
  "stats": {
    "suites": 1,
    "tests": 37,
    "passes": 1,
    "pending": 0,
    "failures": 36,
    "start": "2024-02-23T05:49:58.225Z",
    "end": "2024-02-23T05:50:26.118Z",
    "duration": 27893,
    "testsRegistered": 37,
    "passPercent": 2.7027027027027026,
    "pendingPercent": 0,
    "other": 0,
    "hasOther": false,
    "skipped": 0,
    "hasSkipped": false
  },
  "results": [
    {
      "uuid": "3c27bbed-0f19-4532-93b0-3baefeb6ea46",
      "title": "",
      "fullFile": "cypress\\integration\\api\\tests\\dashboardtest.js",
      "file": "cypress\\integration\\api\\tests\\dashboardtest.js",
      "beforeHooks": [],
      "afterHooks": [],
      "tests": [],
      "suites": [
        {
          "uuid": "5028ce69-e1fd-47c2-9c41-a76813af57bc",
          "title": "Dashboard Page",
          "fullFile": "",
          "file": "",
          "beforeHooks": [],
          "afterHooks": [],
          "tests": [
            {
              "title": "Create App Flow",
              "fullTitle": "Dashboard Page Create App Flow",
              "timedOut": null,
              "duration": 2949,
              "state": "failed",
              "speed": null,
              "pass": false,
              "fail": true,
              "pending": false,
              "context": "{\n  \"title\": \"cypress-mochawesome-reporter-screenshots\",\n  \"value\": [\n    [\n      \"\\\\dashboardtest.js\\\\Dashboard Page -- Create App Flow (failed).png\"\n    ]\n  ]\n}",
              "code": "(0, _loginPage.doLogin)().then(response => {\n  cy.log(\"login response\", response.body.key);\n  authKey = response.body.key;\n  (0, _DashboardPage.doCteareApp)(authKey, app_name).then(response => {\n    appname = response.body.name;\n    app_id = response.body.id;\n    cy.log(\"login response\", response.body);\n    expect(response.status).to.eq(201);\n    expect(response.body.name, \"App name is not matching\").to.eq(app_name);\n  });\n});",
              "err": {
                "message": "CypressError: `cy.request()` failed on:\n\nhttps://crowdbotics-slack-dev.herokuapp.com/api/v2/totp-login/\n\nThe response we received from your web server was:\n\n  > 400: Bad Request\n\nThis was considered a failure because the status code was not `2xx` or `3xx`.\n\nIf you do not want status codes to cause failures pass the option: `failOnStatusCode: false`\n\n-----------------------------------------------------------\n\nThe request we sent was:\n\nMethod: POST\nURL: https://crowdbotics-slack-dev.herokuapp.com/api/v2/totp-login/\nHeaders: {\n  \"Connection\": \"keep-alive\",\n  \"user-agent\": \"Mozilla/5.0 (Windows NT 10.0; Win64; x64) AppleWebKit/537.36 (KHTML, like Gecko) Cypress/13.2.0 Chrome/114.0.5735.289 Electron/25.8.0 Safari/537.36\",\n  \"accept\": \"*/*\",\n  \"accept-encoding\": \"gzip, deflate\",\n  \"content-type\": \"application/json\",\n  \"content-length\": 84\n}\nBody: {\"email\":\"cbautomation1@crowdbotics.com\",\"password\":\"devstringx@123\",\"token\":964548}\n\n-----------------------------------------------------------\n\nThe response we got was:\n\nStatus: 400 - Bad Request\nHeaders: {\n  \"server\": \"Cowboy\",\n  \"date\": \"Fri, 23 Feb 2024 05:49:59 GMT\",\n  \"report-to\": \"{\\\"group\\\":\\\"heroku-nel\\\",\\\"max_age\\\":3600,\\\"endpoints\\\":[{\\\"url\\\":\\\"https://nel.heroku.com/reports?ts=1708667399&sid=67ff5de4-ad2b-4112-9289-cf96be89efed&s=URowkJzvB5AyfzCpo6%2Fw4o2RHsUrYKASp9Zh0maLMz4%3D\\\"}]}\",\n  \"reporting-endpoints\": \"heroku-nel=https://nel.heroku.com/reports?ts=1708667399&sid=67ff5de4-ad2b-4112-9289-cf96be89efed&s=URowkJzvB5AyfzCpo6%2Fw4o2RHsUrYKASp9Zh0maLMz4%3D\",\n  \"nel\": \"{\\\"report_to\\\":\\\"heroku-nel\\\",\\\"max_age\\\":3600,\\\"success_fraction\\\":0.005,\\\"failure_fraction\\\":0.05,\\\"response_headers\\\":[\\\"Via\\\"]}\",\n  \"connection\": \"keep-alive\",\n  \"content-type\": \"application/json\",\n  \"allow\": \"POST, OPTIONS\",\n  \"x-content-type-options\": \"nosniff\",\n  \"referrer-policy\": \"same-origin\",\n  \"x-frame-options\": \"DENY\",\n  \"content-length\": \"66\",\n  \"vary\": \"Origin, Cookie\",\n  \"via\": \"1.1 vegur\"\n}\nBody: {\n  \"errors\": [\n    {\n      \"field\": \"detail\",\n      \"message\": \"Provide a valid token.\"\n    }\n  ]\n}\n\n\nhttps://on.cypress.io/request",
                "estack": "CypressError: `cy.request()` failed on:\n\nhttps://crowdbotics-slack-dev.herokuapp.com/api/v2/totp-login/\n\nThe response we received from your web server was:\n\n  > 400: Bad Request\n\nThis was considered a failure because the status code was not `2xx` or `3xx`.\n\nIf you do not want status codes to cause failures pass the option: `failOnStatusCode: false`\n\n-----------------------------------------------------------\n\nThe request we sent was:\n\nMethod: POST\nURL: https://crowdbotics-slack-dev.herokuapp.com/api/v2/totp-login/\nHeaders: {\n  \"Connection\": \"keep-alive\",\n  \"user-agent\": \"Mozilla/5.0 (Windows NT 10.0; Win64; x64) AppleWebKit/537.36 (KHTML, like Gecko) Cypress/13.2.0 Chrome/114.0.5735.289 Electron/25.8.0 Safari/537.36\",\n  \"accept\": \"*/*\",\n  \"accept-encoding\": \"gzip, deflate\",\n  \"content-type\": \"application/json\",\n  \"content-length\": 84\n}\nBody: {\"email\":\"cbautomation1@crowdbotics.com\",\"password\":\"devstringx@123\",\"token\":964548}\n\n-----------------------------------------------------------\n\nThe response we got was:\n\nStatus: 400 - Bad Request\nHeaders: {\n  \"server\": \"Cowboy\",\n  \"date\": \"Fri, 23 Feb 2024 05:49:59 GMT\",\n  \"report-to\": \"{\\\"group\\\":\\\"heroku-nel\\\",\\\"max_age\\\":3600,\\\"endpoints\\\":[{\\\"url\\\":\\\"https://nel.heroku.com/reports?ts=1708667399&sid=67ff5de4-ad2b-4112-9289-cf96be89efed&s=URowkJzvB5AyfzCpo6%2Fw4o2RHsUrYKASp9Zh0maLMz4%3D\\\"}]}\",\n  \"reporting-endpoints\": \"heroku-nel=https://nel.heroku.com/reports?ts=1708667399&sid=67ff5de4-ad2b-4112-9289-cf96be89efed&s=URowkJzvB5AyfzCpo6%2Fw4o2RHsUrYKASp9Zh0maLMz4%3D\",\n  \"nel\": \"{\\\"report_to\\\":\\\"heroku-nel\\\",\\\"max_age\\\":3600,\\\"success_fraction\\\":0.005,\\\"failure_fraction\\\":0.05,\\\"response_headers\\\":[\\\"Via\\\"]}\",\n  \"connection\": \"keep-alive\",\n  \"content-type\": \"application/json\",\n  \"allow\": \"POST, OPTIONS\",\n  \"x-content-type-options\": \"nosniff\",\n  \"referrer-policy\": \"same-origin\",\n  \"x-frame-options\": \"DENY\",\n  \"content-length\": \"66\",\n  \"vary\": \"Origin, Cookie\",\n  \"via\": \"1.1 vegur\"\n}\nBody: {\n  \"errors\": [\n    {\n      \"field\": \"detail\",\n      \"message\": \"Provide a valid token.\"\n    }\n  ]\n}\n\n\nhttps://on.cypress.io/request\n    at <unknown> (http://localhost:51104/__cypress/runner/cypress_runner.js:133013:72)\n    at tryCatcher (http://localhost:51104/__cypress/runner/cypress_runner.js:1807:23)\n    at Promise._settlePromiseFromHandler (http://localhost:51104/__cypress/runner/cypress_runner.js:1519:31)\n    at Promise._settlePromise (http://localhost:51104/__cypress/runner/cypress_runner.js:1576:18)\n    at Promise._settlePromise0 (http://localhost:51104/__cypress/runner/cypress_runner.js:1621:10)\n    at Promise._settlePromises (http://localhost:51104/__cypress/runner/cypress_runner.js:1701:18)\n    at _drainQueueStep (http://localhost:51104/__cypress/runner/cypress_runner.js:2407:12)\n    at _drainQueue (http://localhost:51104/__cypress/runner/cypress_runner.js:2400:9)\n    at Async._drainQueues (http://localhost:51104/__cypress/runner/cypress_runner.js:2416:5)\n    at Async.drainQueues (http://localhost:51104/__cypress/runner/cypress_runner.js:2286:14)\nFrom Your Spec Code:\n    at Context.eval (webpack://crowdbotics/./cypress/integration/api/pages/loginPage.js:12:11)",
                "diff": null
              },
              "uuid": "81ad9325-5161-484a-bc57-95a9b4753a1b",
              "parentUUID": "5028ce69-e1fd-47c2-9c41-a76813af57bc",
              "isHook": false,
              "skipped": false
            },
            {
              "title": "Get Notification Flow",
              "fullTitle": "Dashboard Page Get Notification Flow",
              "timedOut": null,
              "duration": 531,
              "state": "failed",
              "speed": null,
              "pass": false,
              "fail": true,
              "pending": false,
              "context": "{\n  \"title\": \"cypress-mochawesome-reporter-screenshots\",\n  \"value\": [\n    [\n      \"\\\\dashboardtest.js\\\\Dashboard Page -- Get Notification Flow (failed).png\"\n    ]\n  ]\n}",
              "code": "(0, _DashboardPage.getNotification)(authKey, app_id).then(response => {\n  cy.log(\"login response\", response.body);\n  expect(response.status).to.eq(200);\n});",
              "err": {
                "message": "CypressError: `cy.request()` failed on:\n\nhttps://crowdbotics-slack-dev.herokuapp.com/api/v2/apps/undefined/\n\nThe response we received from your web server was:\n\n  > 401: Unauthorized\n\nThis was considered a failure because the status code was not `2xx` or `3xx`.\n\nIf you do not want status codes to cause failures pass the option: `failOnStatusCode: false`\n\n-----------------------------------------------------------\n\nThe request we sent was:\n\nMethod: GET\nURL: https://crowdbotics-slack-dev.herokuapp.com/api/v2/apps/undefined/\nHeaders: {\n  \"Connection\": \"keep-alive\",\n  \"Content-Type\": \"application/json\",\n  \"Authorization\": \"Token undefined\",\n  \"user-agent\": \"Mozilla/5.0 (Windows NT 10.0; Win64; x64) AppleWebKit/537.36 (KHTML, like Gecko) Cypress/13.2.0 Chrome/114.0.5735.289 Electron/25.8.0 Safari/537.36\",\n  \"accept\": \"application/json\",\n  \"accept-encoding\": \"gzip, deflate\"\n}\n\n-----------------------------------------------------------\n\nThe response we got was:\n\nStatus: 401 - Unauthorized\nHeaders: {\n  \"server\": \"Cowboy\",\n  \"date\": \"Fri, 23 Feb 2024 05:50:00 GMT\",\n  \"report-to\": \"{\\\"group\\\":\\\"heroku-nel\\\",\\\"max_age\\\":3600,\\\"endpoints\\\":[{\\\"url\\\":\\\"https://nel.heroku.com/reports?ts=1708667400&sid=67ff5de4-ad2b-4112-9289-cf96be89efed&s=2PQLiS8X7Nauc%2B1TsMmiBxwWI2o8yFbO58tAowL%2Bprw%3D\\\"}]}\",\n  \"reporting-endpoints\": \"heroku-nel=https://nel.heroku.com/reports?ts=1708667400&sid=67ff5de4-ad2b-4112-9289-cf96be89efed&s=2PQLiS8X7Nauc%2B1TsMmiBxwWI2o8yFbO58tAowL%2Bprw%3D\",\n  \"nel\": \"{\\\"report_to\\\":\\\"heroku-nel\\\",\\\"max_age\\\":3600,\\\"success_fraction\\\":0.005,\\\"failure_fraction\\\":0.05,\\\"response_headers\\\":[\\\"Via\\\"]}\",\n  \"connection\": \"keep-alive\",\n  \"content-type\": \"application/json\",\n  \"www-authenticate\": \"Basic realm=\\\"api\\\"\",\n  \"allow\": \"GET, POST, PUT, PATCH, DELETE, HEAD, OPTIONS\",\n  \"x-content-type-options\": \"nosniff\",\n  \"referrer-policy\": \"same-origin\",\n  \"x-frame-options\": \"DENY\",\n  \"content-length\": \"58\",\n  \"vary\": \"Origin, Cookie\",\n  \"via\": \"1.1 vegur\"\n}\nBody: {\n  \"errors\": [\n    {\n      \"field\": \"detail\",\n      \"message\": \"Invalid token.\"\n    }\n  ]\n}\n\n\nhttps://on.cypress.io/request",
                "estack": "CypressError: `cy.request()` failed on:\n\nhttps://crowdbotics-slack-dev.herokuapp.com/api/v2/apps/undefined/\n\nThe response we received from your web server was:\n\n  > 401: Unauthorized\n\nThis was considered a failure because the status code was not `2xx` or `3xx`.\n\nIf you do not want status codes to cause failures pass the option: `failOnStatusCode: false`\n\n-----------------------------------------------------------\n\nThe request we sent was:\n\nMethod: GET\nURL: https://crowdbotics-slack-dev.herokuapp.com/api/v2/apps/undefined/\nHeaders: {\n  \"Connection\": \"keep-alive\",\n  \"Content-Type\": \"application/json\",\n  \"Authorization\": \"Token undefined\",\n  \"user-agent\": \"Mozilla/5.0 (Windows NT 10.0; Win64; x64) AppleWebKit/537.36 (KHTML, like Gecko) Cypress/13.2.0 Chrome/114.0.5735.289 Electron/25.8.0 Safari/537.36\",\n  \"accept\": \"application/json\",\n  \"accept-encoding\": \"gzip, deflate\"\n}\n\n-----------------------------------------------------------\n\nThe response we got was:\n\nStatus: 401 - Unauthorized\nHeaders: {\n  \"server\": \"Cowboy\",\n  \"date\": \"Fri, 23 Feb 2024 05:50:00 GMT\",\n  \"report-to\": \"{\\\"group\\\":\\\"heroku-nel\\\",\\\"max_age\\\":3600,\\\"endpoints\\\":[{\\\"url\\\":\\\"https://nel.heroku.com/reports?ts=1708667400&sid=67ff5de4-ad2b-4112-9289-cf96be89efed&s=2PQLiS8X7Nauc%2B1TsMmiBxwWI2o8yFbO58tAowL%2Bprw%3D\\\"}]}\",\n  \"reporting-endpoints\": \"heroku-nel=https://nel.heroku.com/reports?ts=1708667400&sid=67ff5de4-ad2b-4112-9289-cf96be89efed&s=2PQLiS8X7Nauc%2B1TsMmiBxwWI2o8yFbO58tAowL%2Bprw%3D\",\n  \"nel\": \"{\\\"report_to\\\":\\\"heroku-nel\\\",\\\"max_age\\\":3600,\\\"success_fraction\\\":0.005,\\\"failure_fraction\\\":0.05,\\\"response_headers\\\":[\\\"Via\\\"]}\",\n  \"connection\": \"keep-alive\",\n  \"content-type\": \"application/json\",\n  \"www-authenticate\": \"Basic realm=\\\"api\\\"\",\n  \"allow\": \"GET, POST, PUT, PATCH, DELETE, HEAD, OPTIONS\",\n  \"x-content-type-options\": \"nosniff\",\n  \"referrer-policy\": \"same-origin\",\n  \"x-frame-options\": \"DENY\",\n  \"content-length\": \"58\",\n  \"vary\": \"Origin, Cookie\",\n  \"via\": \"1.1 vegur\"\n}\nBody: {\n  \"errors\": [\n    {\n      \"field\": \"detail\",\n      \"message\": \"Invalid token.\"\n    }\n  ]\n}\n\n\nhttps://on.cypress.io/request\n    at <unknown> (http://localhost:51104/__cypress/runner/cypress_runner.js:133013:72)\n    at tryCatcher (http://localhost:51104/__cypress/runner/cypress_runner.js:1807:23)\n    at Promise._settlePromiseFromHandler (http://localhost:51104/__cypress/runner/cypress_runner.js:1519:31)\n    at Promise._settlePromise (http://localhost:51104/__cypress/runner/cypress_runner.js:1576:18)\n    at Promise._settlePromise0 (http://localhost:51104/__cypress/runner/cypress_runner.js:1621:10)\n    at Promise._settlePromises (http://localhost:51104/__cypress/runner/cypress_runner.js:1701:18)\n    at _drainQueueStep (http://localhost:51104/__cypress/runner/cypress_runner.js:2407:12)\n    at _drainQueue (http://localhost:51104/__cypress/runner/cypress_runner.js:2400:9)\n    at Async._drainQueues (http://localhost:51104/__cypress/runner/cypress_runner.js:2416:5)\n    at Async.drainQueues (http://localhost:51104/__cypress/runner/cypress_runner.js:2286:14)\nFrom Your Spec Code:\n    at getNotification (webpack://crowdbotics/./cypress/integration/api/pages/DashboardPage.js:26:14)\n    at Context.eval (webpack://crowdbotics/./cypress/integration/api/tests/dashboardtest.js:32:24)",
                "diff": null
              },
              "uuid": "32a63e87-6e2d-4a0d-8b4c-62fe4e6900e2",
              "parentUUID": "5028ce69-e1fd-47c2-9c41-a76813af57bc",
              "isHook": false,
              "skipped": false
            },
            {
              "title": "Search App Flow",
              "fullTitle": "Dashboard Page Search App Flow",
              "timedOut": null,
              "duration": 561,
              "state": "failed",
              "speed": null,
              "pass": false,
              "fail": true,
              "pending": false,
              "context": "{\n  \"title\": \"cypress-mochawesome-reporter-screenshots\",\n  \"value\": [\n    [\n      \"\\\\dashboardtest.js\\\\Dashboard Page -- Search App Flow (failed).png\"\n    ]\n  ]\n}",
              "code": "(0, _DashboardPage.searchApp)(authKey, appname).then(response => {\n  cy.log(\"login response\", response.body);\n  expect(response.status).to.eq(200);\n});",
              "err": {
                "message": "CypressError: `cy.request()` failed on:\n\nhttps://crowdbotics-slack-dev.herokuapp.com/api/v2/apps/?custom_name=undefined&page=1&limit=8\n\nThe response we received from your web server was:\n\n  > 401: Unauthorized\n\nThis was considered a failure because the status code was not `2xx` or `3xx`.\n\nIf you do not want status codes to cause failures pass the option: `failOnStatusCode: false`\n\n-----------------------------------------------------------\n\nThe request we sent was:\n\nMethod: GET\nURL: https://crowdbotics-slack-dev.herokuapp.com/api/v2/apps/?custom_name=undefined&page=1&limit=8\nHeaders: {\n  \"Connection\": \"keep-alive\",\n  \"Content-Type\": \"application/json\",\n  \"Authorization\": \"Token undefined\",\n  \"user-agent\": \"Mozilla/5.0 (Windows NT 10.0; Win64; x64) AppleWebKit/537.36 (KHTML, like Gecko) Cypress/13.2.0 Chrome/114.0.5735.289 Electron/25.8.0 Safari/537.36\",\n  \"accept\": \"application/json\",\n  \"accept-encoding\": \"gzip, deflate\"\n}\n\n-----------------------------------------------------------\n\nThe response we got was:\n\nStatus: 401 - Unauthorized\nHeaders: {\n  \"server\": \"Cowboy\",\n  \"date\": \"Fri, 23 Feb 2024 05:50:01 GMT\",\n  \"report-to\": \"{\\\"group\\\":\\\"heroku-nel\\\",\\\"max_age\\\":3600,\\\"endpoints\\\":[{\\\"url\\\":\\\"https://nel.heroku.com/reports?ts=1708667401&sid=67ff5de4-ad2b-4112-9289-cf96be89efed&s=h%2FeUHQV1KcrvB1eUkpHWptiNkV4YvzNa1N4mLdBeYjc%3D\\\"}]}\",\n  \"reporting-endpoints\": \"heroku-nel=https://nel.heroku.com/reports?ts=1708667401&sid=67ff5de4-ad2b-4112-9289-cf96be89efed&s=h%2FeUHQV1KcrvB1eUkpHWptiNkV4YvzNa1N4mLdBeYjc%3D\",\n  \"nel\": \"{\\\"report_to\\\":\\\"heroku-nel\\\",\\\"max_age\\\":3600,\\\"success_fraction\\\":0.005,\\\"failure_fraction\\\":0.05,\\\"response_headers\\\":[\\\"Via\\\"]}\",\n  \"connection\": \"keep-alive\",\n  \"content-type\": \"application/json\",\n  \"www-authenticate\": \"Basic realm=\\\"api\\\"\",\n  \"allow\": \"GET, POST, HEAD, OPTIONS\",\n  \"x-content-type-options\": \"nosniff\",\n  \"referrer-policy\": \"same-origin\",\n  \"x-frame-options\": \"DENY\",\n  \"content-length\": \"58\",\n  \"vary\": \"Origin, Cookie\",\n  \"via\": \"1.1 vegur\"\n}\nBody: {\n  \"errors\": [\n    {\n      \"field\": \"detail\",\n      \"message\": \"Invalid token.\"\n    }\n  ]\n}\n\n\nhttps://on.cypress.io/request",
                "estack": "CypressError: `cy.request()` failed on:\n\nhttps://crowdbotics-slack-dev.herokuapp.com/api/v2/apps/?custom_name=undefined&page=1&limit=8\n\nThe response we received from your web server was:\n\n  > 401: Unauthorized\n\nThis was considered a failure because the status code was not `2xx` or `3xx`.\n\nIf you do not want status codes to cause failures pass the option: `failOnStatusCode: false`\n\n-----------------------------------------------------------\n\nThe request we sent was:\n\nMethod: GET\nURL: https://crowdbotics-slack-dev.herokuapp.com/api/v2/apps/?custom_name=undefined&page=1&limit=8\nHeaders: {\n  \"Connection\": \"keep-alive\",\n  \"Content-Type\": \"application/json\",\n  \"Authorization\": \"Token undefined\",\n  \"user-agent\": \"Mozilla/5.0 (Windows NT 10.0; Win64; x64) AppleWebKit/537.36 (KHTML, like Gecko) Cypress/13.2.0 Chrome/114.0.5735.289 Electron/25.8.0 Safari/537.36\",\n  \"accept\": \"application/json\",\n  \"accept-encoding\": \"gzip, deflate\"\n}\n\n-----------------------------------------------------------\n\nThe response we got was:\n\nStatus: 401 - Unauthorized\nHeaders: {\n  \"server\": \"Cowboy\",\n  \"date\": \"Fri, 23 Feb 2024 05:50:01 GMT\",\n  \"report-to\": \"{\\\"group\\\":\\\"heroku-nel\\\",\\\"max_age\\\":3600,\\\"endpoints\\\":[{\\\"url\\\":\\\"https://nel.heroku.com/reports?ts=1708667401&sid=67ff5de4-ad2b-4112-9289-cf96be89efed&s=h%2FeUHQV1KcrvB1eUkpHWptiNkV4YvzNa1N4mLdBeYjc%3D\\\"}]}\",\n  \"reporting-endpoints\": \"heroku-nel=https://nel.heroku.com/reports?ts=1708667401&sid=67ff5de4-ad2b-4112-9289-cf96be89efed&s=h%2FeUHQV1KcrvB1eUkpHWptiNkV4YvzNa1N4mLdBeYjc%3D\",\n  \"nel\": \"{\\\"report_to\\\":\\\"heroku-nel\\\",\\\"max_age\\\":3600,\\\"success_fraction\\\":0.005,\\\"failure_fraction\\\":0.05,\\\"response_headers\\\":[\\\"Via\\\"]}\",\n  \"connection\": \"keep-alive\",\n  \"content-type\": \"application/json\",\n  \"www-authenticate\": \"Basic realm=\\\"api\\\"\",\n  \"allow\": \"GET, POST, HEAD, OPTIONS\",\n  \"x-content-type-options\": \"nosniff\",\n  \"referrer-policy\": \"same-origin\",\n  \"x-frame-options\": \"DENY\",\n  \"content-length\": \"58\",\n  \"vary\": \"Origin, Cookie\",\n  \"via\": \"1.1 vegur\"\n}\nBody: {\n  \"errors\": [\n    {\n      \"field\": \"detail\",\n      \"message\": \"Invalid token.\"\n    }\n  ]\n}\n\n\nhttps://on.cypress.io/request\n    at <unknown> (http://localhost:51104/__cypress/runner/cypress_runner.js:133013:72)\n    at tryCatcher (http://localhost:51104/__cypress/runner/cypress_runner.js:1807:23)\n    at Promise._settlePromiseFromHandler (http://localhost:51104/__cypress/runner/cypress_runner.js:1519:31)\n    at Promise._settlePromise (http://localhost:51104/__cypress/runner/cypress_runner.js:1576:18)\n    at Promise._settlePromise0 (http://localhost:51104/__cypress/runner/cypress_runner.js:1621:10)\n    at Promise._settlePromises (http://localhost:51104/__cypress/runner/cypress_runner.js:1701:18)\n    at _drainQueueStep (http://localhost:51104/__cypress/runner/cypress_runner.js:2407:12)\n    at _drainQueue (http://localhost:51104/__cypress/runner/cypress_runner.js:2400:9)\n    at Async._drainQueues (http://localhost:51104/__cypress/runner/cypress_runner.js:2416:5)\n    at Async.drainQueues (http://localhost:51104/__cypress/runner/cypress_runner.js:2286:14)\nFrom Your Spec Code:\n    at searchApp (webpack://crowdbotics/./cypress/integration/api/pages/DashboardPage.js:41:14)\n    at Context.eval (webpack://crowdbotics/./cypress/integration/api/tests/dashboardtest.js:39:18)",
                "diff": null
              },
              "uuid": "9528bea9-d816-461b-9304-5315a939ec79",
              "parentUUID": "5028ce69-e1fd-47c2-9c41-a76813af57bc",
              "isHook": false,
              "skipped": false
            },
            {
              "title": "Apptype List Flow",
              "fullTitle": "Dashboard Page Apptype List Flow",
              "timedOut": null,
              "duration": 538,
              "state": "failed",
              "speed": null,
              "pass": false,
              "fail": true,
              "pending": false,
              "context": "{\n  \"title\": \"cypress-mochawesome-reporter-screenshots\",\n  \"value\": [\n    [\n      \"\\\\dashboardtest.js\\\\Dashboard Page -- Apptype List Flow (failed).png\"\n    ]\n  ]\n}",
              "code": "(0, _DashboardPage.appTypeList)(authKey).then(response => {\n  cy.log(\"login response\", response.body);\n  expect(response.status).to.eq(200);\n});",
              "err": {
                "message": "CypressError: `cy.request()` failed on:\n\nhttps://crowdbotics-slack-dev.herokuapp.com/api/v1/app-types/\n\nThe response we received from your web server was:\n\n  > 401: Unauthorized\n\nThis was considered a failure because the status code was not `2xx` or `3xx`.\n\nIf you do not want status codes to cause failures pass the option: `failOnStatusCode: false`\n\n-----------------------------------------------------------\n\nThe request we sent was:\n\nMethod: GET\nURL: https://crowdbotics-slack-dev.herokuapp.com/api/v1/app-types/\nHeaders: {\n  \"Connection\": \"keep-alive\",\n  \"Content-Type\": \"application/json\",\n  \"Authorization\": \"Token undefined\",\n  \"user-agent\": \"Mozilla/5.0 (Windows NT 10.0; Win64; x64) AppleWebKit/537.36 (KHTML, like Gecko) Cypress/13.2.0 Chrome/114.0.5735.289 Electron/25.8.0 Safari/537.36\",\n  \"accept\": \"application/json\",\n  \"accept-encoding\": \"gzip, deflate\"\n}\n\n-----------------------------------------------------------\n\nThe response we got was:\n\nStatus: 401 - Unauthorized\nHeaders: {\n  \"server\": \"Cowboy\",\n  \"date\": \"Fri, 23 Feb 2024 05:50:01 GMT\",\n  \"report-to\": \"{\\\"group\\\":\\\"heroku-nel\\\",\\\"max_age\\\":3600,\\\"endpoints\\\":[{\\\"url\\\":\\\"https://nel.heroku.com/reports?ts=1708667401&sid=67ff5de4-ad2b-4112-9289-cf96be89efed&s=h%2FeUHQV1KcrvB1eUkpHWptiNkV4YvzNa1N4mLdBeYjc%3D\\\"}]}\",\n  \"reporting-endpoints\": \"heroku-nel=https://nel.heroku.com/reports?ts=1708667401&sid=67ff5de4-ad2b-4112-9289-cf96be89efed&s=h%2FeUHQV1KcrvB1eUkpHWptiNkV4YvzNa1N4mLdBeYjc%3D\",\n  \"nel\": \"{\\\"report_to\\\":\\\"heroku-nel\\\",\\\"max_age\\\":3600,\\\"success_fraction\\\":0.005,\\\"failure_fraction\\\":0.05,\\\"response_headers\\\":[\\\"Via\\\"]}\",\n  \"connection\": \"keep-alive\",\n  \"content-type\": \"application/json\",\n  \"www-authenticate\": \"Basic realm=\\\"api\\\"\",\n  \"allow\": \"GET, HEAD, OPTIONS\",\n  \"x-content-type-options\": \"nosniff\",\n  \"referrer-policy\": \"same-origin\",\n  \"x-frame-options\": \"DENY\",\n  \"content-length\": \"58\",\n  \"vary\": \"Origin, Cookie\",\n  \"via\": \"1.1 vegur\"\n}\nBody: {\n  \"errors\": [\n    {\n      \"field\": \"detail\",\n      \"message\": \"Invalid token.\"\n    }\n  ]\n}\n\n\nhttps://on.cypress.io/request",
                "estack": "CypressError: `cy.request()` failed on:\n\nhttps://crowdbotics-slack-dev.herokuapp.com/api/v1/app-types/\n\nThe response we received from your web server was:\n\n  > 401: Unauthorized\n\nThis was considered a failure because the status code was not `2xx` or `3xx`.\n\nIf you do not want status codes to cause failures pass the option: `failOnStatusCode: false`\n\n-----------------------------------------------------------\n\nThe request we sent was:\n\nMethod: GET\nURL: https://crowdbotics-slack-dev.herokuapp.com/api/v1/app-types/\nHeaders: {\n  \"Connection\": \"keep-alive\",\n  \"Content-Type\": \"application/json\",\n  \"Authorization\": \"Token undefined\",\n  \"user-agent\": \"Mozilla/5.0 (Windows NT 10.0; Win64; x64) AppleWebKit/537.36 (KHTML, like Gecko) Cypress/13.2.0 Chrome/114.0.5735.289 Electron/25.8.0 Safari/537.36\",\n  \"accept\": \"application/json\",\n  \"accept-encoding\": \"gzip, deflate\"\n}\n\n-----------------------------------------------------------\n\nThe response we got was:\n\nStatus: 401 - Unauthorized\nHeaders: {\n  \"server\": \"Cowboy\",\n  \"date\": \"Fri, 23 Feb 2024 05:50:01 GMT\",\n  \"report-to\": \"{\\\"group\\\":\\\"heroku-nel\\\",\\\"max_age\\\":3600,\\\"endpoints\\\":[{\\\"url\\\":\\\"https://nel.heroku.com/reports?ts=1708667401&sid=67ff5de4-ad2b-4112-9289-cf96be89efed&s=h%2FeUHQV1KcrvB1eUkpHWptiNkV4YvzNa1N4mLdBeYjc%3D\\\"}]}\",\n  \"reporting-endpoints\": \"heroku-nel=https://nel.heroku.com/reports?ts=1708667401&sid=67ff5de4-ad2b-4112-9289-cf96be89efed&s=h%2FeUHQV1KcrvB1eUkpHWptiNkV4YvzNa1N4mLdBeYjc%3D\",\n  \"nel\": \"{\\\"report_to\\\":\\\"heroku-nel\\\",\\\"max_age\\\":3600,\\\"success_fraction\\\":0.005,\\\"failure_fraction\\\":0.05,\\\"response_headers\\\":[\\\"Via\\\"]}\",\n  \"connection\": \"keep-alive\",\n  \"content-type\": \"application/json\",\n  \"www-authenticate\": \"Basic realm=\\\"api\\\"\",\n  \"allow\": \"GET, HEAD, OPTIONS\",\n  \"x-content-type-options\": \"nosniff\",\n  \"referrer-policy\": \"same-origin\",\n  \"x-frame-options\": \"DENY\",\n  \"content-length\": \"58\",\n  \"vary\": \"Origin, Cookie\",\n  \"via\": \"1.1 vegur\"\n}\nBody: {\n  \"errors\": [\n    {\n      \"field\": \"detail\",\n      \"message\": \"Invalid token.\"\n    }\n  ]\n}\n\n\nhttps://on.cypress.io/request\n    at <unknown> (http://localhost:51104/__cypress/runner/cypress_runner.js:133013:72)\n    at tryCatcher (http://localhost:51104/__cypress/runner/cypress_runner.js:1807:23)\n    at Promise._settlePromiseFromHandler (http://localhost:51104/__cypress/runner/cypress_runner.js:1519:31)\n    at Promise._settlePromise (http://localhost:51104/__cypress/runner/cypress_runner.js:1576:18)\n    at Promise._settlePromise0 (http://localhost:51104/__cypress/runner/cypress_runner.js:1621:10)\n    at Promise._settlePromises (http://localhost:51104/__cypress/runner/cypress_runner.js:1701:18)\n    at _drainQueueStep (http://localhost:51104/__cypress/runner/cypress_runner.js:2407:12)\n    at _drainQueue (http://localhost:51104/__cypress/runner/cypress_runner.js:2400:9)\n    at Async._drainQueues (http://localhost:51104/__cypress/runner/cypress_runner.js:2416:5)\n    at Async.drainQueues (http://localhost:51104/__cypress/runner/cypress_runner.js:2286:14)\nFrom Your Spec Code:\n    at appTypeList (webpack://crowdbotics/./cypress/integration/api/pages/DashboardPage.js:55:14)\n    at Context.eval (webpack://crowdbotics/./cypress/integration/api/tests/dashboardtest.js:46:20)",
                "diff": null
              },
              "uuid": "230f3167-dc21-430b-b5b9-74b4703cb2c4",
              "parentUUID": "5028ce69-e1fd-47c2-9c41-a76813af57bc",
              "isHook": false,
              "skipped": false
            },
            {
              "title": "Get Appetize Builds Flow",
              "fullTitle": "Dashboard Page Get Appetize Builds Flow",
              "timedOut": null,
              "duration": 548,
              "state": "failed",
              "speed": null,
              "pass": false,
              "fail": true,
              "pending": false,
              "context": "{\n  \"title\": \"cypress-mochawesome-reporter-screenshots\",\n  \"value\": [\n    [\n      \"\\\\dashboardtest.js\\\\Dashboard Page -- Get Appetize Builds Flow (failed).png\"\n    ]\n  ]\n}",
              "code": "(0, _DashboardPage.doGetAppetizeBuilds)(authKey, app_id).then(response => {\n  cy.log(\"login response\", response.body);\n  expect(response.status).to.eq(200);\n});",
              "err": {
                "message": "CypressError: `cy.request()` failed on:\n\nhttps://crowdbotics-slack-dev.herokuapp.com/api/v1/apps/undefined/appetize-builds/\n\nThe response we received from your web server was:\n\n  > 401: Unauthorized\n\nThis was considered a failure because the status code was not `2xx` or `3xx`.\n\nIf you do not want status codes to cause failures pass the option: `failOnStatusCode: false`\n\n-----------------------------------------------------------\n\nThe request we sent was:\n\nMethod: GET\nURL: https://crowdbotics-slack-dev.herokuapp.com/api/v1/apps/undefined/appetize-builds/\nHeaders: {\n  \"Connection\": \"keep-alive\",\n  \"Content-Type\": \"application/json\",\n  \"Authorization\": \"Token undefined\",\n  \"user-agent\": \"Mozilla/5.0 (Windows NT 10.0; Win64; x64) AppleWebKit/537.36 (KHTML, like Gecko) Cypress/13.2.0 Chrome/114.0.5735.289 Electron/25.8.0 Safari/537.36\",\n  \"accept\": \"application/json\",\n  \"accept-encoding\": \"gzip, deflate\"\n}\n\n-----------------------------------------------------------\n\nThe response we got was:\n\nStatus: 401 - Unauthorized\nHeaders: {\n  \"server\": \"Cowboy\",\n  \"date\": \"Fri, 23 Feb 2024 05:50:02 GMT\",\n  \"report-to\": \"{\\\"group\\\":\\\"heroku-nel\\\",\\\"max_age\\\":3600,\\\"endpoints\\\":[{\\\"url\\\":\\\"https://nel.heroku.com/reports?ts=1708667402&sid=67ff5de4-ad2b-4112-9289-cf96be89efed&s=Rq7s4faPcpGURH9%2FE5zE5j8LO19xSKozrJ5Cx2PKkM4%3D\\\"}]}\",\n  \"reporting-endpoints\": \"heroku-nel=https://nel.heroku.com/reports?ts=1708667402&sid=67ff5de4-ad2b-4112-9289-cf96be89efed&s=Rq7s4faPcpGURH9%2FE5zE5j8LO19xSKozrJ5Cx2PKkM4%3D\",\n  \"nel\": \"{\\\"report_to\\\":\\\"heroku-nel\\\",\\\"max_age\\\":3600,\\\"success_fraction\\\":0.005,\\\"failure_fraction\\\":0.05,\\\"response_headers\\\":[\\\"Via\\\"]}\",\n  \"connection\": \"keep-alive\",\n  \"content-type\": \"application/json\",\n  \"www-authenticate\": \"Basic realm=\\\"api\\\"\",\n  \"allow\": \"GET, HEAD, OPTIONS\",\n  \"x-content-type-options\": \"nosniff\",\n  \"referrer-policy\": \"same-origin\",\n  \"x-frame-options\": \"DENY\",\n  \"content-length\": \"58\",\n  \"vary\": \"Origin, Cookie\",\n  \"via\": \"1.1 vegur\"\n}\nBody: {\n  \"errors\": [\n    {\n      \"field\": \"detail\",\n      \"message\": \"Invalid token.\"\n    }\n  ]\n}\n\n\nhttps://on.cypress.io/request",
                "estack": "CypressError: `cy.request()` failed on:\n\nhttps://crowdbotics-slack-dev.herokuapp.com/api/v1/apps/undefined/appetize-builds/\n\nThe response we received from your web server was:\n\n  > 401: Unauthorized\n\nThis was considered a failure because the status code was not `2xx` or `3xx`.\n\nIf you do not want status codes to cause failures pass the option: `failOnStatusCode: false`\n\n-----------------------------------------------------------\n\nThe request we sent was:\n\nMethod: GET\nURL: https://crowdbotics-slack-dev.herokuapp.com/api/v1/apps/undefined/appetize-builds/\nHeaders: {\n  \"Connection\": \"keep-alive\",\n  \"Content-Type\": \"application/json\",\n  \"Authorization\": \"Token undefined\",\n  \"user-agent\": \"Mozilla/5.0 (Windows NT 10.0; Win64; x64) AppleWebKit/537.36 (KHTML, like Gecko) Cypress/13.2.0 Chrome/114.0.5735.289 Electron/25.8.0 Safari/537.36\",\n  \"accept\": \"application/json\",\n  \"accept-encoding\": \"gzip, deflate\"\n}\n\n-----------------------------------------------------------\n\nThe response we got was:\n\nStatus: 401 - Unauthorized\nHeaders: {\n  \"server\": \"Cowboy\",\n  \"date\": \"Fri, 23 Feb 2024 05:50:02 GMT\",\n  \"report-to\": \"{\\\"group\\\":\\\"heroku-nel\\\",\\\"max_age\\\":3600,\\\"endpoints\\\":[{\\\"url\\\":\\\"https://nel.heroku.com/reports?ts=1708667402&sid=67ff5de4-ad2b-4112-9289-cf96be89efed&s=Rq7s4faPcpGURH9%2FE5zE5j8LO19xSKozrJ5Cx2PKkM4%3D\\\"}]}\",\n  \"reporting-endpoints\": \"heroku-nel=https://nel.heroku.com/reports?ts=1708667402&sid=67ff5de4-ad2b-4112-9289-cf96be89efed&s=Rq7s4faPcpGURH9%2FE5zE5j8LO19xSKozrJ5Cx2PKkM4%3D\",\n  \"nel\": \"{\\\"report_to\\\":\\\"heroku-nel\\\",\\\"max_age\\\":3600,\\\"success_fraction\\\":0.005,\\\"failure_fraction\\\":0.05,\\\"response_headers\\\":[\\\"Via\\\"]}\",\n  \"connection\": \"keep-alive\",\n  \"content-type\": \"application/json\",\n  \"www-authenticate\": \"Basic realm=\\\"api\\\"\",\n  \"allow\": \"GET, HEAD, OPTIONS\",\n  \"x-content-type-options\": \"nosniff\",\n  \"referrer-policy\": \"same-origin\",\n  \"x-frame-options\": \"DENY\",\n  \"content-length\": \"58\",\n  \"vary\": \"Origin, Cookie\",\n  \"via\": \"1.1 vegur\"\n}\nBody: {\n  \"errors\": [\n    {\n      \"field\": \"detail\",\n      \"message\": \"Invalid token.\"\n    }\n  ]\n}\n\n\nhttps://on.cypress.io/request\n    at <unknown> (http://localhost:51104/__cypress/runner/cypress_runner.js:133013:72)\n    at tryCatcher (http://localhost:51104/__cypress/runner/cypress_runner.js:1807:23)\n    at Promise._settlePromiseFromHandler (http://localhost:51104/__cypress/runner/cypress_runner.js:1519:31)\n    at Promise._settlePromise (http://localhost:51104/__cypress/runner/cypress_runner.js:1576:18)\n    at Promise._settlePromise0 (http://localhost:51104/__cypress/runner/cypress_runner.js:1621:10)\n    at Promise._settlePromises (http://localhost:51104/__cypress/runner/cypress_runner.js:1701:18)\n    at _drainQueueStep (http://localhost:51104/__cypress/runner/cypress_runner.js:2407:12)\n    at _drainQueue (http://localhost:51104/__cypress/runner/cypress_runner.js:2400:9)\n    at Async._drainQueues (http://localhost:51104/__cypress/runner/cypress_runner.js:2416:5)\n    at Async.drainQueues (http://localhost:51104/__cypress/runner/cypress_runner.js:2286:14)\nFrom Your Spec Code:\n    at doGetAppetizeBuilds (webpack://crowdbotics/./cypress/integration/api/pages/DashboardPage.js:69:14)\n    at Context.eval (webpack://crowdbotics/./cypress/integration/api/tests/dashboardtest.js:53:28)",
                "diff": null
              },
              "uuid": "d9f3bff6-edb7-4433-b555-6ee8dd1872ef",
              "parentUUID": "5028ce69-e1fd-47c2-9c41-a76813af57bc",
              "isHook": false,
              "skipped": false
            },
            {
              "title": "Apptype List By Id Flow",
              "fullTitle": "Dashboard Page Apptype List By Id Flow",
              "timedOut": null,
              "duration": 518,
              "state": "failed",
              "speed": null,
              "pass": false,
              "fail": true,
              "pending": false,
              "context": "{\n  \"title\": \"cypress-mochawesome-reporter-screenshots\",\n  \"value\": [\n    [\n      \"\\\\dashboardtest.js\\\\Dashboard Page -- Apptype List By Id Flow (failed).png\"\n    ]\n  ]\n}",
              "code": "(0, _DashboardPage.getAppListById)(authKey).then(response => {\n  cy.log(\"login response\", response.body);\n  expect(response.status).to.eq(200);\n});",
              "err": {
                "message": "CypressError: `cy.request()` failed on:\n\nhttps://crowdbotics-slack-dev.herokuapp.com/api/v1/app-types/3/\n\nThe response we received from your web server was:\n\n  > 401: Unauthorized\n\nThis was considered a failure because the status code was not `2xx` or `3xx`.\n\nIf you do not want status codes to cause failures pass the option: `failOnStatusCode: false`\n\n-----------------------------------------------------------\n\nThe request we sent was:\n\nMethod: GET\nURL: https://crowdbotics-slack-dev.herokuapp.com/api/v1/app-types/3/\nHeaders: {\n  \"Connection\": \"keep-alive\",\n  \"Content-Type\": \"application/json\",\n  \"Authorization\": \"Token undefined\",\n  \"user-agent\": \"Mozilla/5.0 (Windows NT 10.0; Win64; x64) AppleWebKit/537.36 (KHTML, like Gecko) Cypress/13.2.0 Chrome/114.0.5735.289 Electron/25.8.0 Safari/537.36\",\n  \"accept\": \"application/json\",\n  \"accept-encoding\": \"gzip, deflate\"\n}\n\n-----------------------------------------------------------\n\nThe response we got was:\n\nStatus: 401 - Unauthorized\nHeaders: {\n  \"server\": \"Cowboy\",\n  \"date\": \"Fri, 23 Feb 2024 05:50:02 GMT\",\n  \"report-to\": \"{\\\"group\\\":\\\"heroku-nel\\\",\\\"max_age\\\":3600,\\\"endpoints\\\":[{\\\"url\\\":\\\"https://nel.heroku.com/reports?ts=1708667402&sid=67ff5de4-ad2b-4112-9289-cf96be89efed&s=Rq7s4faPcpGURH9%2FE5zE5j8LO19xSKozrJ5Cx2PKkM4%3D\\\"}]}\",\n  \"reporting-endpoints\": \"heroku-nel=https://nel.heroku.com/reports?ts=1708667402&sid=67ff5de4-ad2b-4112-9289-cf96be89efed&s=Rq7s4faPcpGURH9%2FE5zE5j8LO19xSKozrJ5Cx2PKkM4%3D\",\n  \"nel\": \"{\\\"report_to\\\":\\\"heroku-nel\\\",\\\"max_age\\\":3600,\\\"success_fraction\\\":0.005,\\\"failure_fraction\\\":0.05,\\\"response_headers\\\":[\\\"Via\\\"]}\",\n  \"connection\": \"keep-alive\",\n  \"content-type\": \"application/json\",\n  \"www-authenticate\": \"Basic realm=\\\"api\\\"\",\n  \"allow\": \"GET, HEAD, OPTIONS\",\n  \"x-content-type-options\": \"nosniff\",\n  \"referrer-policy\": \"same-origin\",\n  \"x-frame-options\": \"DENY\",\n  \"content-length\": \"58\",\n  \"vary\": \"Origin, Cookie\",\n  \"via\": \"1.1 vegur\"\n}\nBody: {\n  \"errors\": [\n    {\n      \"field\": \"detail\",\n      \"message\": \"Invalid token.\"\n    }\n  ]\n}\n\n\nhttps://on.cypress.io/request",
                "estack": "CypressError: `cy.request()` failed on:\n\nhttps://crowdbotics-slack-dev.herokuapp.com/api/v1/app-types/3/\n\nThe response we received from your web server was:\n\n  > 401: Unauthorized\n\nThis was considered a failure because the status code was not `2xx` or `3xx`.\n\nIf you do not want status codes to cause failures pass the option: `failOnStatusCode: false`\n\n-----------------------------------------------------------\n\nThe request we sent was:\n\nMethod: GET\nURL: https://crowdbotics-slack-dev.herokuapp.com/api/v1/app-types/3/\nHeaders: {\n  \"Connection\": \"keep-alive\",\n  \"Content-Type\": \"application/json\",\n  \"Authorization\": \"Token undefined\",\n  \"user-agent\": \"Mozilla/5.0 (Windows NT 10.0; Win64; x64) AppleWebKit/537.36 (KHTML, like Gecko) Cypress/13.2.0 Chrome/114.0.5735.289 Electron/25.8.0 Safari/537.36\",\n  \"accept\": \"application/json\",\n  \"accept-encoding\": \"gzip, deflate\"\n}\n\n-----------------------------------------------------------\n\nThe response we got was:\n\nStatus: 401 - Unauthorized\nHeaders: {\n  \"server\": \"Cowboy\",\n  \"date\": \"Fri, 23 Feb 2024 05:50:02 GMT\",\n  \"report-to\": \"{\\\"group\\\":\\\"heroku-nel\\\",\\\"max_age\\\":3600,\\\"endpoints\\\":[{\\\"url\\\":\\\"https://nel.heroku.com/reports?ts=1708667402&sid=67ff5de4-ad2b-4112-9289-cf96be89efed&s=Rq7s4faPcpGURH9%2FE5zE5j8LO19xSKozrJ5Cx2PKkM4%3D\\\"}]}\",\n  \"reporting-endpoints\": \"heroku-nel=https://nel.heroku.com/reports?ts=1708667402&sid=67ff5de4-ad2b-4112-9289-cf96be89efed&s=Rq7s4faPcpGURH9%2FE5zE5j8LO19xSKozrJ5Cx2PKkM4%3D\",\n  \"nel\": \"{\\\"report_to\\\":\\\"heroku-nel\\\",\\\"max_age\\\":3600,\\\"success_fraction\\\":0.005,\\\"failure_fraction\\\":0.05,\\\"response_headers\\\":[\\\"Via\\\"]}\",\n  \"connection\": \"keep-alive\",\n  \"content-type\": \"application/json\",\n  \"www-authenticate\": \"Basic realm=\\\"api\\\"\",\n  \"allow\": \"GET, HEAD, OPTIONS\",\n  \"x-content-type-options\": \"nosniff\",\n  \"referrer-policy\": \"same-origin\",\n  \"x-frame-options\": \"DENY\",\n  \"content-length\": \"58\",\n  \"vary\": \"Origin, Cookie\",\n  \"via\": \"1.1 vegur\"\n}\nBody: {\n  \"errors\": [\n    {\n      \"field\": \"detail\",\n      \"message\": \"Invalid token.\"\n    }\n  ]\n}\n\n\nhttps://on.cypress.io/request\n    at <unknown> (http://localhost:51104/__cypress/runner/cypress_runner.js:133013:72)\n    at tryCatcher (http://localhost:51104/__cypress/runner/cypress_runner.js:1807:23)\n    at Promise._settlePromiseFromHandler (http://localhost:51104/__cypress/runner/cypress_runner.js:1519:31)\n    at Promise._settlePromise (http://localhost:51104/__cypress/runner/cypress_runner.js:1576:18)\n    at Promise._settlePromise0 (http://localhost:51104/__cypress/runner/cypress_runner.js:1621:10)\n    at Promise._settlePromises (http://localhost:51104/__cypress/runner/cypress_runner.js:1701:18)\n    at _drainQueueStep (http://localhost:51104/__cypress/runner/cypress_runner.js:2407:12)\n    at _drainQueue (http://localhost:51104/__cypress/runner/cypress_runner.js:2400:9)\n    at Async._drainQueues (http://localhost:51104/__cypress/runner/cypress_runner.js:2416:5)\n    at Async.drainQueues (http://localhost:51104/__cypress/runner/cypress_runner.js:2286:14)\nFrom Your Spec Code:\n    at getAppListById (webpack://crowdbotics/./cypress/integration/api/pages/DashboardPage.js:83:14)\n    at Context.eval (webpack://crowdbotics/./cypress/integration/api/tests/dashboardtest.js:60:23)",
                "diff": null
              },
              "uuid": "fdcd0e00-6ccf-4ead-aa72-095649b726ab",
              "parentUUID": "5028ce69-e1fd-47c2-9c41-a76813af57bc",
              "isHook": false,
              "skipped": false
            },
            {
              "title": "Get Skill List Flow",
              "fullTitle": "Dashboard Page Get Skill List Flow",
              "timedOut": null,
              "duration": 556,
              "state": "failed",
              "speed": null,
              "pass": false,
              "fail": true,
              "pending": false,
              "context": "{\n  \"title\": \"cypress-mochawesome-reporter-screenshots\",\n  \"value\": [\n    [\n      \"\\\\dashboardtest.js\\\\Dashboard Page -- Get Skill List Flow (failed).png\"\n    ]\n  ]\n}",
              "code": "(0, _DashboardPage.doGetSkillsList)(authKey).then(response => {\n  cy.log(\"login response\", response.body);\n  expect(response.status).to.eq(200);\n});",
              "err": {
                "message": "CypressError: `cy.request()` failed on:\n\nhttps://crowdbotics-slack-dev.herokuapp.com/api/v2/skills/\n\nThe response we received from your web server was:\n\n  > 401: Unauthorized\n\nThis was considered a failure because the status code was not `2xx` or `3xx`.\n\nIf you do not want status codes to cause failures pass the option: `failOnStatusCode: false`\n\n-----------------------------------------------------------\n\nThe request we sent was:\n\nMethod: GET\nURL: https://crowdbotics-slack-dev.herokuapp.com/api/v2/skills/\nHeaders: {\n  \"Connection\": \"keep-alive\",\n  \"Content-Type\": \"application/json\",\n  \"Authorization\": \"Token undefined\",\n  \"user-agent\": \"Mozilla/5.0 (Windows NT 10.0; Win64; x64) AppleWebKit/537.36 (KHTML, like Gecko) Cypress/13.2.0 Chrome/114.0.5735.289 Electron/25.8.0 Safari/537.36\",\n  \"accept\": \"application/json\",\n  \"accept-encoding\": \"gzip, deflate\"\n}\n\n-----------------------------------------------------------\n\nThe response we got was:\n\nStatus: 401 - Unauthorized\nHeaders: {\n  \"server\": \"Cowboy\",\n  \"date\": \"Fri, 23 Feb 2024 05:50:03 GMT\",\n  \"report-to\": \"{\\\"group\\\":\\\"heroku-nel\\\",\\\"max_age\\\":3600,\\\"endpoints\\\":[{\\\"url\\\":\\\"https://nel.heroku.com/reports?ts=1708667403&sid=67ff5de4-ad2b-4112-9289-cf96be89efed&s=ckvf1Eo%2BQw9y15gSk%2BoM4nNsOYS%2BUbrdLhMCsq0Ri%2Fs%3D\\\"}]}\",\n  \"reporting-endpoints\": \"heroku-nel=https://nel.heroku.com/reports?ts=1708667403&sid=67ff5de4-ad2b-4112-9289-cf96be89efed&s=ckvf1Eo%2BQw9y15gSk%2BoM4nNsOYS%2BUbrdLhMCsq0Ri%2Fs%3D\",\n  \"nel\": \"{\\\"report_to\\\":\\\"heroku-nel\\\",\\\"max_age\\\":3600,\\\"success_fraction\\\":0.005,\\\"failure_fraction\\\":0.05,\\\"response_headers\\\":[\\\"Via\\\"]}\",\n  \"connection\": \"keep-alive\",\n  \"content-type\": \"application/json\",\n  \"www-authenticate\": \"Basic realm=\\\"api\\\"\",\n  \"allow\": \"GET, POST, HEAD, OPTIONS\",\n  \"x-content-type-options\": \"nosniff\",\n  \"referrer-policy\": \"same-origin\",\n  \"x-frame-options\": \"DENY\",\n  \"content-length\": \"58\",\n  \"vary\": \"Origin, Cookie\",\n  \"via\": \"1.1 vegur\"\n}\nBody: {\n  \"errors\": [\n    {\n      \"field\": \"detail\",\n      \"message\": \"Invalid token.\"\n    }\n  ]\n}\n\n\nhttps://on.cypress.io/request",
                "estack": "CypressError: `cy.request()` failed on:\n\nhttps://crowdbotics-slack-dev.herokuapp.com/api/v2/skills/\n\nThe response we received from your web server was:\n\n  > 401: Unauthorized\n\nThis was considered a failure because the status code was not `2xx` or `3xx`.\n\nIf you do not want status codes to cause failures pass the option: `failOnStatusCode: false`\n\n-----------------------------------------------------------\n\nThe request we sent was:\n\nMethod: GET\nURL: https://crowdbotics-slack-dev.herokuapp.com/api/v2/skills/\nHeaders: {\n  \"Connection\": \"keep-alive\",\n  \"Content-Type\": \"application/json\",\n  \"Authorization\": \"Token undefined\",\n  \"user-agent\": \"Mozilla/5.0 (Windows NT 10.0; Win64; x64) AppleWebKit/537.36 (KHTML, like Gecko) Cypress/13.2.0 Chrome/114.0.5735.289 Electron/25.8.0 Safari/537.36\",\n  \"accept\": \"application/json\",\n  \"accept-encoding\": \"gzip, deflate\"\n}\n\n-----------------------------------------------------------\n\nThe response we got was:\n\nStatus: 401 - Unauthorized\nHeaders: {\n  \"server\": \"Cowboy\",\n  \"date\": \"Fri, 23 Feb 2024 05:50:03 GMT\",\n  \"report-to\": \"{\\\"group\\\":\\\"heroku-nel\\\",\\\"max_age\\\":3600,\\\"endpoints\\\":[{\\\"url\\\":\\\"https://nel.heroku.com/reports?ts=1708667403&sid=67ff5de4-ad2b-4112-9289-cf96be89efed&s=ckvf1Eo%2BQw9y15gSk%2BoM4nNsOYS%2BUbrdLhMCsq0Ri%2Fs%3D\\\"}]}\",\n  \"reporting-endpoints\": \"heroku-nel=https://nel.heroku.com/reports?ts=1708667403&sid=67ff5de4-ad2b-4112-9289-cf96be89efed&s=ckvf1Eo%2BQw9y15gSk%2BoM4nNsOYS%2BUbrdLhMCsq0Ri%2Fs%3D\",\n  \"nel\": \"{\\\"report_to\\\":\\\"heroku-nel\\\",\\\"max_age\\\":3600,\\\"success_fraction\\\":0.005,\\\"failure_fraction\\\":0.05,\\\"response_headers\\\":[\\\"Via\\\"]}\",\n  \"connection\": \"keep-alive\",\n  \"content-type\": \"application/json\",\n  \"www-authenticate\": \"Basic realm=\\\"api\\\"\",\n  \"allow\": \"GET, POST, HEAD, OPTIONS\",\n  \"x-content-type-options\": \"nosniff\",\n  \"referrer-policy\": \"same-origin\",\n  \"x-frame-options\": \"DENY\",\n  \"content-length\": \"58\",\n  \"vary\": \"Origin, Cookie\",\n  \"via\": \"1.1 vegur\"\n}\nBody: {\n  \"errors\": [\n    {\n      \"field\": \"detail\",\n      \"message\": \"Invalid token.\"\n    }\n  ]\n}\n\n\nhttps://on.cypress.io/request\n    at <unknown> (http://localhost:51104/__cypress/runner/cypress_runner.js:133013:72)\n    at tryCatcher (http://localhost:51104/__cypress/runner/cypress_runner.js:1807:23)\n    at Promise._settlePromiseFromHandler (http://localhost:51104/__cypress/runner/cypress_runner.js:1519:31)\n    at Promise._settlePromise (http://localhost:51104/__cypress/runner/cypress_runner.js:1576:18)\n    at Promise._settlePromise0 (http://localhost:51104/__cypress/runner/cypress_runner.js:1621:10)\n    at Promise._settlePromises (http://localhost:51104/__cypress/runner/cypress_runner.js:1701:18)\n    at _drainQueueStep (http://localhost:51104/__cypress/runner/cypress_runner.js:2407:12)\n    at _drainQueue (http://localhost:51104/__cypress/runner/cypress_runner.js:2400:9)\n    at Async._drainQueues (http://localhost:51104/__cypress/runner/cypress_runner.js:2416:5)\n    at Async.drainQueues (http://localhost:51104/__cypress/runner/cypress_runner.js:2286:14)\nFrom Your Spec Code:\n    at doGetSkillsList (webpack://crowdbotics/./cypress/integration/api/pages/DashboardPage.js:98:14)\n    at Context.eval (webpack://crowdbotics/./cypress/integration/api/tests/dashboardtest.js:69:24)",
                "diff": null
              },
              "uuid": "1932ab9c-7440-4bde-8a02-007daf6b8b43",
              "parentUUID": "5028ce69-e1fd-47c2-9c41-a76813af57bc",
              "isHook": false,
              "skipped": false
            },
            {
              "title": "Get Bug Task List Flow",
              "fullTitle": "Dashboard Page Get Bug Task List Flow",
              "timedOut": null,
              "duration": 928,
              "state": "failed",
              "speed": null,
              "pass": false,
              "fail": true,
              "pending": false,
              "context": "{\n  \"title\": \"cypress-mochawesome-reporter-screenshots\",\n  \"value\": [\n    [\n      \"\\\\dashboardtest.js\\\\Dashboard Page -- Get Bug Task List Flow (failed).png\"\n    ]\n  ]\n}",
              "code": "(0, _DashboardPage.doGetBugTaskList)(authKey, app_id).then(response => {\n  expect(response.status).to.eq(200);\n  cy.log(\"Get Bug Task List response\", response.body);\n});",
              "err": {
                "message": "CypressError: `cy.request()` failed on:\n\nhttps://crowdbotics-slack-dev.herokuapp.com/api/v1/apps/undefined/bug-tasks/\n\nThe response we received from your web server was:\n\n  > 401: Unauthorized\n\nThis was considered a failure because the status code was not `2xx` or `3xx`.\n\nIf you do not want status codes to cause failures pass the option: `failOnStatusCode: false`\n\n-----------------------------------------------------------\n\nThe request we sent was:\n\nMethod: GET\nURL: https://crowdbotics-slack-dev.herokuapp.com/api/v1/apps/undefined/bug-tasks/\nHeaders: {\n  \"Connection\": \"keep-alive\",\n  \"Content-Type\": \"application/json\",\n  \"Authorization\": \"Token undefined\",\n  \"user-agent\": \"Mozilla/5.0 (Windows NT 10.0; Win64; x64) AppleWebKit/537.36 (KHTML, like Gecko) Cypress/13.2.0 Chrome/114.0.5735.289 Electron/25.8.0 Safari/537.36\",\n  \"accept\": \"application/json\",\n  \"accept-encoding\": \"gzip, deflate\"\n}\n\n-----------------------------------------------------------\n\nThe response we got was:\n\nStatus: 401 - Unauthorized\nHeaders: {\n  \"server\": \"Cowboy\",\n  \"date\": \"Fri, 23 Feb 2024 05:50:04 GMT\",\n  \"report-to\": \"{\\\"group\\\":\\\"heroku-nel\\\",\\\"max_age\\\":3600,\\\"endpoints\\\":[{\\\"url\\\":\\\"https://nel.heroku.com/reports?ts=1708667404&sid=67ff5de4-ad2b-4112-9289-cf96be89efed&s=1VPxM0vQthsevWepx3FFpgS8%2FxCFYANVPAdLiG3Psbc%3D\\\"}]}\",\n  \"reporting-endpoints\": \"heroku-nel=https://nel.heroku.com/reports?ts=1708667404&sid=67ff5de4-ad2b-4112-9289-cf96be89efed&s=1VPxM0vQthsevWepx3FFpgS8%2FxCFYANVPAdLiG3Psbc%3D\",\n  \"nel\": \"{\\\"report_to\\\":\\\"heroku-nel\\\",\\\"max_age\\\":3600,\\\"success_fraction\\\":0.005,\\\"failure_fraction\\\":0.05,\\\"response_headers\\\":[\\\"Via\\\"]}\",\n  \"connection\": \"keep-alive\",\n  \"content-type\": \"application/json\",\n  \"www-authenticate\": \"Basic realm=\\\"api\\\"\",\n  \"allow\": \"GET, POST, HEAD, OPTIONS\",\n  \"x-content-type-options\": \"nosniff\",\n  \"referrer-policy\": \"same-origin\",\n  \"x-frame-options\": \"DENY\",\n  \"content-length\": \"58\",\n  \"vary\": \"Origin, Cookie\",\n  \"via\": \"1.1 vegur\"\n}\nBody: {\n  \"errors\": [\n    {\n      \"field\": \"detail\",\n      \"message\": \"Invalid token.\"\n    }\n  ]\n}\n\n\nhttps://on.cypress.io/request",
                "estack": "CypressError: `cy.request()` failed on:\n\nhttps://crowdbotics-slack-dev.herokuapp.com/api/v1/apps/undefined/bug-tasks/\n\nThe response we received from your web server was:\n\n  > 401: Unauthorized\n\nThis was considered a failure because the status code was not `2xx` or `3xx`.\n\nIf you do not want status codes to cause failures pass the option: `failOnStatusCode: false`\n\n-----------------------------------------------------------\n\nThe request we sent was:\n\nMethod: GET\nURL: https://crowdbotics-slack-dev.herokuapp.com/api/v1/apps/undefined/bug-tasks/\nHeaders: {\n  \"Connection\": \"keep-alive\",\n  \"Content-Type\": \"application/json\",\n  \"Authorization\": \"Token undefined\",\n  \"user-agent\": \"Mozilla/5.0 (Windows NT 10.0; Win64; x64) AppleWebKit/537.36 (KHTML, like Gecko) Cypress/13.2.0 Chrome/114.0.5735.289 Electron/25.8.0 Safari/537.36\",\n  \"accept\": \"application/json\",\n  \"accept-encoding\": \"gzip, deflate\"\n}\n\n-----------------------------------------------------------\n\nThe response we got was:\n\nStatus: 401 - Unauthorized\nHeaders: {\n  \"server\": \"Cowboy\",\n  \"date\": \"Fri, 23 Feb 2024 05:50:04 GMT\",\n  \"report-to\": \"{\\\"group\\\":\\\"heroku-nel\\\",\\\"max_age\\\":3600,\\\"endpoints\\\":[{\\\"url\\\":\\\"https://nel.heroku.com/reports?ts=1708667404&sid=67ff5de4-ad2b-4112-9289-cf96be89efed&s=1VPxM0vQthsevWepx3FFpgS8%2FxCFYANVPAdLiG3Psbc%3D\\\"}]}\",\n  \"reporting-endpoints\": \"heroku-nel=https://nel.heroku.com/reports?ts=1708667404&sid=67ff5de4-ad2b-4112-9289-cf96be89efed&s=1VPxM0vQthsevWepx3FFpgS8%2FxCFYANVPAdLiG3Psbc%3D\",\n  \"nel\": \"{\\\"report_to\\\":\\\"heroku-nel\\\",\\\"max_age\\\":3600,\\\"success_fraction\\\":0.005,\\\"failure_fraction\\\":0.05,\\\"response_headers\\\":[\\\"Via\\\"]}\",\n  \"connection\": \"keep-alive\",\n  \"content-type\": \"application/json\",\n  \"www-authenticate\": \"Basic realm=\\\"api\\\"\",\n  \"allow\": \"GET, POST, HEAD, OPTIONS\",\n  \"x-content-type-options\": \"nosniff\",\n  \"referrer-policy\": \"same-origin\",\n  \"x-frame-options\": \"DENY\",\n  \"content-length\": \"58\",\n  \"vary\": \"Origin, Cookie\",\n  \"via\": \"1.1 vegur\"\n}\nBody: {\n  \"errors\": [\n    {\n      \"field\": \"detail\",\n      \"message\": \"Invalid token.\"\n    }\n  ]\n}\n\n\nhttps://on.cypress.io/request\n    at <unknown> (http://localhost:51104/__cypress/runner/cypress_runner.js:133013:72)\n    at tryCatcher (http://localhost:51104/__cypress/runner/cypress_runner.js:1807:23)\n    at Promise._settlePromiseFromHandler (http://localhost:51104/__cypress/runner/cypress_runner.js:1519:31)\n    at Promise._settlePromise (http://localhost:51104/__cypress/runner/cypress_runner.js:1576:18)\n    at Promise._settlePromise0 (http://localhost:51104/__cypress/runner/cypress_runner.js:1621:10)\n    at Promise._settlePromises (http://localhost:51104/__cypress/runner/cypress_runner.js:1701:18)\n    at _drainQueueStep (http://localhost:51104/__cypress/runner/cypress_runner.js:2407:12)\n    at _drainQueue (http://localhost:51104/__cypress/runner/cypress_runner.js:2400:9)\n    at Async._drainQueues (http://localhost:51104/__cypress/runner/cypress_runner.js:2416:5)\n    at Async.drainQueues (http://localhost:51104/__cypress/runner/cypress_runner.js:2286:14)\nFrom Your Spec Code:\n    at doGetBugTaskList (webpack://crowdbotics/./cypress/integration/api/pages/DashboardPage.js:112:14)\n    at Context.eval (webpack://crowdbotics/./cypress/integration/api/tests/dashboardtest.js:76:25)",
                "diff": null
              },
              "uuid": "70a0e508-2d88-414a-9a53-320e3e04ac86",
              "parentUUID": "5028ce69-e1fd-47c2-9c41-a76813af57bc",
              "isHook": false,
              "skipped": false
            },
            {
              "title": "Create Bug Task  Flow",
              "fullTitle": "Dashboard Page Create Bug Task  Flow",
              "timedOut": null,
              "duration": 534,
              "state": "failed",
              "speed": null,
              "pass": false,
              "fail": true,
              "pending": false,
              "context": "{\n  \"title\": \"cypress-mochawesome-reporter-screenshots\",\n  \"value\": [\n    [\n      \"\\\\dashboardtest.js\\\\Dashboard Page -- Create Bug Task  Flow (failed).png\"\n    ]\n  ]\n}",
              "code": "(0, _DashboardPage.doCreateBugTask)(authKey, app_id).then(response => {\n  bugTask_id = response.body.id;\n  expect(response.status).to.eq(201);\n  cy.log(\"Create Bug Task response\", response.body);\n});",
              "err": {
                "message": "CypressError: `cy.request()` failed on:\n\nhttps://crowdbotics-slack-dev.herokuapp.com/api/v1/apps/undefined/bug-tasks/\n\nThe response we received from your web server was:\n\n  > 401: Unauthorized\n\nThis was considered a failure because the status code was not `2xx` or `3xx`.\n\nIf you do not want status codes to cause failures pass the option: `failOnStatusCode: false`\n\n-----------------------------------------------------------\n\nThe request we sent was:\n\nMethod: POST\nURL: https://crowdbotics-slack-dev.herokuapp.com/api/v1/apps/undefined/bug-tasks/\nHeaders: {\n  \"Connection\": \"keep-alive\",\n  \"Authorization\": \"Token undefined\",\n  \"user-agent\": \"Mozilla/5.0 (Windows NT 10.0; Win64; x64) AppleWebKit/537.36 (KHTML, like Gecko) Cypress/13.2.0 Chrome/114.0.5735.289 Electron/25.8.0 Safari/537.36\",\n  \"accept\": \"*/*\",\n  \"accept-encoding\": \"gzip, deflate\",\n  \"content-type\": \"application/json\",\n  \"content-length\": 218\n}\nBody: {\"title\":\"string\",\"description\":\"string\",\"milestone\":\"string\",\"task\":\"string\",\"reporter\":{\"first_name\":\"string\",\"last_name\":\"string\",\"email\":\"user@example.com\",\"hide_errors\":true,\"hide_success\":true,\"organization\":{}}}\n\n-----------------------------------------------------------\n\nThe response we got was:\n\nStatus: 401 - Unauthorized\nHeaders: {\n  \"server\": \"Cowboy\",\n  \"date\": \"Fri, 23 Feb 2024 05:50:05 GMT\",\n  \"report-to\": \"{\\\"group\\\":\\\"heroku-nel\\\",\\\"max_age\\\":3600,\\\"endpoints\\\":[{\\\"url\\\":\\\"https://nel.heroku.com/reports?ts=1708667404&sid=67ff5de4-ad2b-4112-9289-cf96be89efed&s=1VPxM0vQthsevWepx3FFpgS8%2FxCFYANVPAdLiG3Psbc%3D\\\"}]}\",\n  \"reporting-endpoints\": \"heroku-nel=https://nel.heroku.com/reports?ts=1708667404&sid=67ff5de4-ad2b-4112-9289-cf96be89efed&s=1VPxM0vQthsevWepx3FFpgS8%2FxCFYANVPAdLiG3Psbc%3D\",\n  \"nel\": \"{\\\"report_to\\\":\\\"heroku-nel\\\",\\\"max_age\\\":3600,\\\"success_fraction\\\":0.005,\\\"failure_fraction\\\":0.05,\\\"response_headers\\\":[\\\"Via\\\"]}\",\n  \"connection\": \"keep-alive\",\n  \"content-type\": \"application/json\",\n  \"www-authenticate\": \"Basic realm=\\\"api\\\"\",\n  \"allow\": \"GET, POST, HEAD, OPTIONS\",\n  \"x-content-type-options\": \"nosniff\",\n  \"referrer-policy\": \"same-origin\",\n  \"x-frame-options\": \"DENY\",\n  \"content-length\": \"58\",\n  \"vary\": \"Origin, Cookie\",\n  \"via\": \"1.1 vegur\"\n}\nBody: {\n  \"errors\": [\n    {\n      \"field\": \"detail\",\n      \"message\": \"Invalid token.\"\n    }\n  ]\n}\n\n\nhttps://on.cypress.io/request",
                "estack": "CypressError: `cy.request()` failed on:\n\nhttps://crowdbotics-slack-dev.herokuapp.com/api/v1/apps/undefined/bug-tasks/\n\nThe response we received from your web server was:\n\n  > 401: Unauthorized\n\nThis was considered a failure because the status code was not `2xx` or `3xx`.\n\nIf you do not want status codes to cause failures pass the option: `failOnStatusCode: false`\n\n-----------------------------------------------------------\n\nThe request we sent was:\n\nMethod: POST\nURL: https://crowdbotics-slack-dev.herokuapp.com/api/v1/apps/undefined/bug-tasks/\nHeaders: {\n  \"Connection\": \"keep-alive\",\n  \"Authorization\": \"Token undefined\",\n  \"user-agent\": \"Mozilla/5.0 (Windows NT 10.0; Win64; x64) AppleWebKit/537.36 (KHTML, like Gecko) Cypress/13.2.0 Chrome/114.0.5735.289 Electron/25.8.0 Safari/537.36\",\n  \"accept\": \"*/*\",\n  \"accept-encoding\": \"gzip, deflate\",\n  \"content-type\": \"application/json\",\n  \"content-length\": 218\n}\nBody: {\"title\":\"string\",\"description\":\"string\",\"milestone\":\"string\",\"task\":\"string\",\"reporter\":{\"first_name\":\"string\",\"last_name\":\"string\",\"email\":\"user@example.com\",\"hide_errors\":true,\"hide_success\":true,\"organization\":{}}}\n\n-----------------------------------------------------------\n\nThe response we got was:\n\nStatus: 401 - Unauthorized\nHeaders: {\n  \"server\": \"Cowboy\",\n  \"date\": \"Fri, 23 Feb 2024 05:50:05 GMT\",\n  \"report-to\": \"{\\\"group\\\":\\\"heroku-nel\\\",\\\"max_age\\\":3600,\\\"endpoints\\\":[{\\\"url\\\":\\\"https://nel.heroku.com/reports?ts=1708667404&sid=67ff5de4-ad2b-4112-9289-cf96be89efed&s=1VPxM0vQthsevWepx3FFpgS8%2FxCFYANVPAdLiG3Psbc%3D\\\"}]}\",\n  \"reporting-endpoints\": \"heroku-nel=https://nel.heroku.com/reports?ts=1708667404&sid=67ff5de4-ad2b-4112-9289-cf96be89efed&s=1VPxM0vQthsevWepx3FFpgS8%2FxCFYANVPAdLiG3Psbc%3D\",\n  \"nel\": \"{\\\"report_to\\\":\\\"heroku-nel\\\",\\\"max_age\\\":3600,\\\"success_fraction\\\":0.005,\\\"failure_fraction\\\":0.05,\\\"response_headers\\\":[\\\"Via\\\"]}\",\n  \"connection\": \"keep-alive\",\n  \"content-type\": \"application/json\",\n  \"www-authenticate\": \"Basic realm=\\\"api\\\"\",\n  \"allow\": \"GET, POST, HEAD, OPTIONS\",\n  \"x-content-type-options\": \"nosniff\",\n  \"referrer-policy\": \"same-origin\",\n  \"x-frame-options\": \"DENY\",\n  \"content-length\": \"58\",\n  \"vary\": \"Origin, Cookie\",\n  \"via\": \"1.1 vegur\"\n}\nBody: {\n  \"errors\": [\n    {\n      \"field\": \"detail\",\n      \"message\": \"Invalid token.\"\n    }\n  ]\n}\n\n\nhttps://on.cypress.io/request\n    at <unknown> (http://localhost:51104/__cypress/runner/cypress_runner.js:133013:72)\n    at tryCatcher (http://localhost:51104/__cypress/runner/cypress_runner.js:1807:23)\n    at Promise._settlePromiseFromHandler (http://localhost:51104/__cypress/runner/cypress_runner.js:1519:31)\n    at Promise._settlePromise (http://localhost:51104/__cypress/runner/cypress_runner.js:1576:18)\n    at Promise._settlePromise0 (http://localhost:51104/__cypress/runner/cypress_runner.js:1621:10)\n    at Promise._settlePromises (http://localhost:51104/__cypress/runner/cypress_runner.js:1701:18)\n    at _drainQueueStep (http://localhost:51104/__cypress/runner/cypress_runner.js:2407:12)\n    at _drainQueue (http://localhost:51104/__cypress/runner/cypress_runner.js:2400:9)\n    at Async._drainQueues (http://localhost:51104/__cypress/runner/cypress_runner.js:2416:5)\n    at Async.drainQueues (http://localhost:51104/__cypress/runner/cypress_runner.js:2286:14)\nFrom Your Spec Code:\n    at Context.eval (webpack://crowdbotics/./cypress/integration/api/pages/DashboardPage.js:128:11)",
                "diff": null
              },
              "uuid": "3e0c6c54-6687-4f65-8820-77da4d66a40e",
              "parentUUID": "5028ce69-e1fd-47c2-9c41-a76813af57bc",
              "isHook": false,
              "skipped": false
            },
            {
              "title": "Get Bug Task Using Id Flow",
              "fullTitle": "Dashboard Page Get Bug Task Using Id Flow",
              "timedOut": null,
              "duration": 536,
              "state": "failed",
              "speed": null,
              "pass": false,
              "fail": true,
              "pending": false,
              "context": "{\n  \"title\": \"cypress-mochawesome-reporter-screenshots\",\n  \"value\": [\n    [\n      \"\\\\dashboardtest.js\\\\Dashboard Page -- Get Bug Task Using Id Flow (failed).png\"\n    ]\n  ]\n}",
              "code": "(0, _DashboardPage.doGetBugTaskById)(authKey, app_id, bugTask_id).then(response => {\n  expect(response.status).to.eq(200);\n  cy.log(\"Get Bug Task Using Id response\", response.body);\n});",
              "err": {
                "message": "CypressError: `cy.request()` failed on:\n\nhttps://crowdbotics-slack-dev.herokuapp.com/api/v1/apps/undefined/bug-tasks/undefined/\n\nThe response we received from your web server was:\n\n  > 401: Unauthorized\n\nThis was considered a failure because the status code was not `2xx` or `3xx`.\n\nIf you do not want status codes to cause failures pass the option: `failOnStatusCode: false`\n\n-----------------------------------------------------------\n\nThe request we sent was:\n\nMethod: GET\nURL: https://crowdbotics-slack-dev.herokuapp.com/api/v1/apps/undefined/bug-tasks/undefined/\nHeaders: {\n  \"Connection\": \"keep-alive\",\n  \"Content-Type\": \"application/json\",\n  \"Authorization\": \"Token undefined\",\n  \"user-agent\": \"Mozilla/5.0 (Windows NT 10.0; Win64; x64) AppleWebKit/537.36 (KHTML, like Gecko) Cypress/13.2.0 Chrome/114.0.5735.289 Electron/25.8.0 Safari/537.36\",\n  \"accept\": \"application/json\",\n  \"accept-encoding\": \"gzip, deflate\"\n}\n\n-----------------------------------------------------------\n\nThe response we got was:\n\nStatus: 401 - Unauthorized\nHeaders: {\n  \"server\": \"Cowboy\",\n  \"date\": \"Fri, 23 Feb 2024 05:50:05 GMT\",\n  \"report-to\": \"{\\\"group\\\":\\\"heroku-nel\\\",\\\"max_age\\\":3600,\\\"endpoints\\\":[{\\\"url\\\":\\\"https://nel.heroku.com/reports?ts=1708667405&sid=67ff5de4-ad2b-4112-9289-cf96be89efed&s=ez1q74iDPWg96FuXQC96KgLymtBldjFM0nMnkWk29HI%3D\\\"}]}\",\n  \"reporting-endpoints\": \"heroku-nel=https://nel.heroku.com/reports?ts=1708667405&sid=67ff5de4-ad2b-4112-9289-cf96be89efed&s=ez1q74iDPWg96FuXQC96KgLymtBldjFM0nMnkWk29HI%3D\",\n  \"nel\": \"{\\\"report_to\\\":\\\"heroku-nel\\\",\\\"max_age\\\":3600,\\\"success_fraction\\\":0.005,\\\"failure_fraction\\\":0.05,\\\"response_headers\\\":[\\\"Via\\\"]}\",\n  \"connection\": \"keep-alive\",\n  \"content-type\": \"application/json\",\n  \"www-authenticate\": \"Basic realm=\\\"api\\\"\",\n  \"allow\": \"GET, PUT, PATCH, DELETE, HEAD, OPTIONS\",\n  \"x-content-type-options\": \"nosniff\",\n  \"referrer-policy\": \"same-origin\",\n  \"x-frame-options\": \"DENY\",\n  \"content-length\": \"58\",\n  \"vary\": \"Origin, Cookie\",\n  \"via\": \"1.1 vegur\"\n}\nBody: {\n  \"errors\": [\n    {\n      \"field\": \"detail\",\n      \"message\": \"Invalid token.\"\n    }\n  ]\n}\n\n\nhttps://on.cypress.io/request",
                "estack": "CypressError: `cy.request()` failed on:\n\nhttps://crowdbotics-slack-dev.herokuapp.com/api/v1/apps/undefined/bug-tasks/undefined/\n\nThe response we received from your web server was:\n\n  > 401: Unauthorized\n\nThis was considered a failure because the status code was not `2xx` or `3xx`.\n\nIf you do not want status codes to cause failures pass the option: `failOnStatusCode: false`\n\n-----------------------------------------------------------\n\nThe request we sent was:\n\nMethod: GET\nURL: https://crowdbotics-slack-dev.herokuapp.com/api/v1/apps/undefined/bug-tasks/undefined/\nHeaders: {\n  \"Connection\": \"keep-alive\",\n  \"Content-Type\": \"application/json\",\n  \"Authorization\": \"Token undefined\",\n  \"user-agent\": \"Mozilla/5.0 (Windows NT 10.0; Win64; x64) AppleWebKit/537.36 (KHTML, like Gecko) Cypress/13.2.0 Chrome/114.0.5735.289 Electron/25.8.0 Safari/537.36\",\n  \"accept\": \"application/json\",\n  \"accept-encoding\": \"gzip, deflate\"\n}\n\n-----------------------------------------------------------\n\nThe response we got was:\n\nStatus: 401 - Unauthorized\nHeaders: {\n  \"server\": \"Cowboy\",\n  \"date\": \"Fri, 23 Feb 2024 05:50:05 GMT\",\n  \"report-to\": \"{\\\"group\\\":\\\"heroku-nel\\\",\\\"max_age\\\":3600,\\\"endpoints\\\":[{\\\"url\\\":\\\"https://nel.heroku.com/reports?ts=1708667405&sid=67ff5de4-ad2b-4112-9289-cf96be89efed&s=ez1q74iDPWg96FuXQC96KgLymtBldjFM0nMnkWk29HI%3D\\\"}]}\",\n  \"reporting-endpoints\": \"heroku-nel=https://nel.heroku.com/reports?ts=1708667405&sid=67ff5de4-ad2b-4112-9289-cf96be89efed&s=ez1q74iDPWg96FuXQC96KgLymtBldjFM0nMnkWk29HI%3D\",\n  \"nel\": \"{\\\"report_to\\\":\\\"heroku-nel\\\",\\\"max_age\\\":3600,\\\"success_fraction\\\":0.005,\\\"failure_fraction\\\":0.05,\\\"response_headers\\\":[\\\"Via\\\"]}\",\n  \"connection\": \"keep-alive\",\n  \"content-type\": \"application/json\",\n  \"www-authenticate\": \"Basic realm=\\\"api\\\"\",\n  \"allow\": \"GET, PUT, PATCH, DELETE, HEAD, OPTIONS\",\n  \"x-content-type-options\": \"nosniff\",\n  \"referrer-policy\": \"same-origin\",\n  \"x-frame-options\": \"DENY\",\n  \"content-length\": \"58\",\n  \"vary\": \"Origin, Cookie\",\n  \"via\": \"1.1 vegur\"\n}\nBody: {\n  \"errors\": [\n    {\n      \"field\": \"detail\",\n      \"message\": \"Invalid token.\"\n    }\n  ]\n}\n\n\nhttps://on.cypress.io/request\n    at <unknown> (http://localhost:51104/__cypress/runner/cypress_runner.js:133013:72)\n    at tryCatcher (http://localhost:51104/__cypress/runner/cypress_runner.js:1807:23)\n    at Promise._settlePromiseFromHandler (http://localhost:51104/__cypress/runner/cypress_runner.js:1519:31)\n    at Promise._settlePromise (http://localhost:51104/__cypress/runner/cypress_runner.js:1576:18)\n    at Promise._settlePromise0 (http://localhost:51104/__cypress/runner/cypress_runner.js:1621:10)\n    at Promise._settlePromises (http://localhost:51104/__cypress/runner/cypress_runner.js:1701:18)\n    at _drainQueueStep (http://localhost:51104/__cypress/runner/cypress_runner.js:2407:12)\n    at _drainQueue (http://localhost:51104/__cypress/runner/cypress_runner.js:2400:9)\n    at Async._drainQueues (http://localhost:51104/__cypress/runner/cypress_runner.js:2416:5)\n    at Async.drainQueues (http://localhost:51104/__cypress/runner/cypress_runner.js:2286:14)\nFrom Your Spec Code:\n    at doGetBugTaskById (webpack://crowdbotics/./cypress/integration/api/pages/DashboardPage.js:143:14)\n    at Context.eval (webpack://crowdbotics/./cypress/integration/api/tests/dashboardtest.js:93:25)",
                "diff": null
              },
              "uuid": "b0160f4b-787e-4aff-8418-669e001950a6",
              "parentUUID": "5028ce69-e1fd-47c2-9c41-a76813af57bc",
              "isHook": false,
              "skipped": false
            },
            {
              "title": "Put Bug Task Using Id Flow",
              "fullTitle": "Dashboard Page Put Bug Task Using Id Flow",
              "timedOut": null,
              "duration": 531,
              "state": "failed",
              "speed": null,
              "pass": false,
              "fail": true,
              "pending": false,
              "context": "{\n  \"title\": \"cypress-mochawesome-reporter-screenshots\",\n  \"value\": [\n    [\n      \"\\\\dashboardtest.js\\\\Dashboard Page -- Put Bug Task Using Id Flow (failed).png\"\n    ]\n  ]\n}",
              "code": "(0, _DashboardPage.doUpdateWithPutBugTask)(authKey, app_id, bugTask_id).then(response => {\n  expect(response.status).to.eq(200);\n  cy.log(\"Put Bug Task Using Id response\", response.body);\n});",
              "err": {
                "message": "CypressError: `cy.request()` failed on:\n\nhttps://crowdbotics-slack-dev.herokuapp.com/api/v1/apps/undefined/bug-tasks/undefined/\n\nThe response we received from your web server was:\n\n  > 401: Unauthorized\n\nThis was considered a failure because the status code was not `2xx` or `3xx`.\n\nIf you do not want status codes to cause failures pass the option: `failOnStatusCode: false`\n\n-----------------------------------------------------------\n\nThe request we sent was:\n\nMethod: PUT\nURL: https://crowdbotics-slack-dev.herokuapp.com/api/v1/apps/undefined/bug-tasks/undefined/\nHeaders: {\n  \"Connection\": \"keep-alive\",\n  \"Authorization\": \"Token undefined\",\n  \"user-agent\": \"Mozilla/5.0 (Windows NT 10.0; Win64; x64) AppleWebKit/537.36 (KHTML, like Gecko) Cypress/13.2.0 Chrome/114.0.5735.289 Electron/25.8.0 Safari/537.36\",\n  \"accept\": \"*/*\",\n  \"accept-encoding\": \"gzip, deflate\",\n  \"content-type\": \"application/json\",\n  \"content-length\": 220\n}\nBody: {\"title\":\"string\",\"description\":\"string\",\"milestone\":\"string\",\"task\":\"string\",\"reporter\":{\"first_name\":\"string\",\"last_name\":\"string\",\"email\":\"user@example.com\",\"hide_errors\":false,\"hide_success\":false,\"organization\":{}}}\n\n-----------------------------------------------------------\n\nThe response we got was:\n\nStatus: 401 - Unauthorized\nHeaders: {\n  \"server\": \"Cowboy\",\n  \"date\": \"Fri, 23 Feb 2024 05:50:06 GMT\",\n  \"report-to\": \"{\\\"group\\\":\\\"heroku-nel\\\",\\\"max_age\\\":3600,\\\"endpoints\\\":[{\\\"url\\\":\\\"https://nel.heroku.com/reports?ts=1708667406&sid=67ff5de4-ad2b-4112-9289-cf96be89efed&s=1XEnaXVx51kD3dVfllaVPM%2FOgr9jLRTFiCS84dApHwQ%3D\\\"}]}\",\n  \"reporting-endpoints\": \"heroku-nel=https://nel.heroku.com/reports?ts=1708667406&sid=67ff5de4-ad2b-4112-9289-cf96be89efed&s=1XEnaXVx51kD3dVfllaVPM%2FOgr9jLRTFiCS84dApHwQ%3D\",\n  \"nel\": \"{\\\"report_to\\\":\\\"heroku-nel\\\",\\\"max_age\\\":3600,\\\"success_fraction\\\":0.005,\\\"failure_fraction\\\":0.05,\\\"response_headers\\\":[\\\"Via\\\"]}\",\n  \"connection\": \"keep-alive\",\n  \"content-type\": \"application/json\",\n  \"www-authenticate\": \"Basic realm=\\\"api\\\"\",\n  \"allow\": \"GET, PUT, PATCH, DELETE, HEAD, OPTIONS\",\n  \"x-content-type-options\": \"nosniff\",\n  \"referrer-policy\": \"same-origin\",\n  \"x-frame-options\": \"DENY\",\n  \"content-length\": \"58\",\n  \"vary\": \"Origin, Cookie\",\n  \"via\": \"1.1 vegur\"\n}\nBody: {\n  \"errors\": [\n    {\n      \"field\": \"detail\",\n      \"message\": \"Invalid token.\"\n    }\n  ]\n}\n\n\nhttps://on.cypress.io/request",
                "estack": "CypressError: `cy.request()` failed on:\n\nhttps://crowdbotics-slack-dev.herokuapp.com/api/v1/apps/undefined/bug-tasks/undefined/\n\nThe response we received from your web server was:\n\n  > 401: Unauthorized\n\nThis was considered a failure because the status code was not `2xx` or `3xx`.\n\nIf you do not want status codes to cause failures pass the option: `failOnStatusCode: false`\n\n-----------------------------------------------------------\n\nThe request we sent was:\n\nMethod: PUT\nURL: https://crowdbotics-slack-dev.herokuapp.com/api/v1/apps/undefined/bug-tasks/undefined/\nHeaders: {\n  \"Connection\": \"keep-alive\",\n  \"Authorization\": \"Token undefined\",\n  \"user-agent\": \"Mozilla/5.0 (Windows NT 10.0; Win64; x64) AppleWebKit/537.36 (KHTML, like Gecko) Cypress/13.2.0 Chrome/114.0.5735.289 Electron/25.8.0 Safari/537.36\",\n  \"accept\": \"*/*\",\n  \"accept-encoding\": \"gzip, deflate\",\n  \"content-type\": \"application/json\",\n  \"content-length\": 220\n}\nBody: {\"title\":\"string\",\"description\":\"string\",\"milestone\":\"string\",\"task\":\"string\",\"reporter\":{\"first_name\":\"string\",\"last_name\":\"string\",\"email\":\"user@example.com\",\"hide_errors\":false,\"hide_success\":false,\"organization\":{}}}\n\n-----------------------------------------------------------\n\nThe response we got was:\n\nStatus: 401 - Unauthorized\nHeaders: {\n  \"server\": \"Cowboy\",\n  \"date\": \"Fri, 23 Feb 2024 05:50:06 GMT\",\n  \"report-to\": \"{\\\"group\\\":\\\"heroku-nel\\\",\\\"max_age\\\":3600,\\\"endpoints\\\":[{\\\"url\\\":\\\"https://nel.heroku.com/reports?ts=1708667406&sid=67ff5de4-ad2b-4112-9289-cf96be89efed&s=1XEnaXVx51kD3dVfllaVPM%2FOgr9jLRTFiCS84dApHwQ%3D\\\"}]}\",\n  \"reporting-endpoints\": \"heroku-nel=https://nel.heroku.com/reports?ts=1708667406&sid=67ff5de4-ad2b-4112-9289-cf96be89efed&s=1XEnaXVx51kD3dVfllaVPM%2FOgr9jLRTFiCS84dApHwQ%3D\",\n  \"nel\": \"{\\\"report_to\\\":\\\"heroku-nel\\\",\\\"max_age\\\":3600,\\\"success_fraction\\\":0.005,\\\"failure_fraction\\\":0.05,\\\"response_headers\\\":[\\\"Via\\\"]}\",\n  \"connection\": \"keep-alive\",\n  \"content-type\": \"application/json\",\n  \"www-authenticate\": \"Basic realm=\\\"api\\\"\",\n  \"allow\": \"GET, PUT, PATCH, DELETE, HEAD, OPTIONS\",\n  \"x-content-type-options\": \"nosniff\",\n  \"referrer-policy\": \"same-origin\",\n  \"x-frame-options\": \"DENY\",\n  \"content-length\": \"58\",\n  \"vary\": \"Origin, Cookie\",\n  \"via\": \"1.1 vegur\"\n}\nBody: {\n  \"errors\": [\n    {\n      \"field\": \"detail\",\n      \"message\": \"Invalid token.\"\n    }\n  ]\n}\n\n\nhttps://on.cypress.io/request\n    at <unknown> (http://localhost:51104/__cypress/runner/cypress_runner.js:133013:72)\n    at tryCatcher (http://localhost:51104/__cypress/runner/cypress_runner.js:1807:23)\n    at Promise._settlePromiseFromHandler (http://localhost:51104/__cypress/runner/cypress_runner.js:1519:31)\n    at Promise._settlePromise (http://localhost:51104/__cypress/runner/cypress_runner.js:1576:18)\n    at Promise._settlePromise0 (http://localhost:51104/__cypress/runner/cypress_runner.js:1621:10)\n    at Promise._settlePromises (http://localhost:51104/__cypress/runner/cypress_runner.js:1701:18)\n    at _drainQueueStep (http://localhost:51104/__cypress/runner/cypress_runner.js:2407:12)\n    at _drainQueue (http://localhost:51104/__cypress/runner/cypress_runner.js:2400:9)\n    at Async._drainQueues (http://localhost:51104/__cypress/runner/cypress_runner.js:2416:5)\n    at Async.drainQueues (http://localhost:51104/__cypress/runner/cypress_runner.js:2286:14)\nFrom Your Spec Code:\n    at Context.eval (webpack://crowdbotics/./cypress/integration/api/pages/DashboardPage.js:159:11)",
                "diff": null
              },
              "uuid": "cacaf07d-cb71-4121-8014-559cd406721d",
              "parentUUID": "5028ce69-e1fd-47c2-9c41-a76813af57bc",
              "isHook": false,
              "skipped": false
            },
            {
              "title": "Patch Bug Task Using Id Flow",
              "fullTitle": "Dashboard Page Patch Bug Task Using Id Flow",
              "timedOut": null,
              "duration": 574,
              "state": "failed",
              "speed": null,
              "pass": false,
              "fail": true,
              "pending": false,
              "context": "{\n  \"title\": \"cypress-mochawesome-reporter-screenshots\",\n  \"value\": [\n    [\n      \"\\\\dashboardtest.js\\\\Dashboard Page -- Patch Bug Task Using Id Flow (failed).png\"\n    ]\n  ]\n}",
              "code": "(0, _DashboardPage.doUpdateWithPatchBugTask)(authKey, app_id, bugTask_id).then(response => {\n  expect(response.status).to.eq(200);\n  cy.log(\"Patch Bug Task Using Id response\", response.body);\n});",
              "err": {
[...]
 \"application/json\",\n  \"Authorization\": \"Token undefined\",\n  \"user-agent\": \"Mozilla/5.0 (Windows NT 10.0; Win64; x64) AppleWebKit/537.36 (KHTML, like Gecko) Cypress/13.2.0 Chrome/114.0.5735.289 Electron/25.8.0 Safari/537.36\",\n  \"accept\": \"application/json\",\n  \"accept-encoding\": \"gzip, deflate\",\n  \"content-length\": 196\n}\nBody: {\"access_type\":\"Free\",\"build_stage\":\"mvp\",\"connect_an_app\":true,\"connect_an_app_description\":\"it is an login app\",\"design_required\":\"y\",\"project_type\":\"app\",\"user_types\":[{\"description\":\"owner\"}]}\n\n-----------------------------------------------------------\n\nThe response we got was:\n\nStatus: 401 - Unauthorized\nHeaders: {\n  \"server\": \"Cowboy\",\n  \"date\": \"Fri, 23 Feb 2024 05:50:23 GMT\",\n  \"report-to\": \"{\\\"group\\\":\\\"heroku-nel\\\",\\\"max_age\\\":3600,\\\"endpoints\\\":[{\\\"url\\\":\\\"https://nel.heroku.com/reports?ts=1708667423&sid=67ff5de4-ad2b-4112-9289-cf96be89efed&s=eEjOh6lev2RApn%2FE2VBQaHbaejx8cCibZN2nP6Tv0sU%3D\\\"}]}\",\n  \"reporting-endpoints\": \"heroku-nel=https://nel.heroku.com/reports?ts=1708667423&sid=67ff5de4-ad2b-4112-9289-cf96be89efed&s=eEjOh6lev2RApn%2FE2VBQaHbaejx8cCibZN2nP6Tv0sU%3D\",\n  \"nel\": \"{\\\"report_to\\\":\\\"heroku-nel\\\",\\\"max_age\\\":3600,\\\"success_fraction\\\":0.005,\\\"failure_fraction\\\":0.05,\\\"response_headers\\\":[\\\"Via\\\"]}\",\n  \"connection\": \"keep-alive\",\n  \"content-type\": \"application/json\",\n  \"www-authenticate\": \"Basic realm=\\\"api\\\"\",\n  \"allow\": \"GET, POST, HEAD, OPTIONS\",\n  \"x-content-type-options\": \"nosniff\",\n  \"referrer-policy\": \"same-origin\",\n  \"x-frame-options\": \"DENY\",\n  \"content-length\": \"58\",\n  \"vary\": \"Origin, Cookie\",\n  \"via\": \"1.1 vegur\"\n}\nBody: {\n  \"errors\": [\n    {\n      \"field\": \"detail\",\n      \"message\": \"Invalid token.\"\n    }\n  ]\n}\n\n\nhttps://on.cypress.io/request\n    at <unknown> (http://localhost:51104/__cypress/runner/cypress_runner.js:133013:72)\n    at tryCatcher (http://localhost:51104/__cypress/runner/cypress_runner.js:1807:23)\n    at Promise._settlePromiseFromHandler (http://localhost:51104/__cypress/runner/cypress_runner.js:1519:31)\n    at Promise._settlePromise (http://localhost:51104/__cypress/runner/cypress_runner.js:1576:18)\n    at Promise._settlePromise0 (http://localhost:51104/__cypress/runner/cypress_runner.js:1621:10)\n    at Promise._settlePromises (http://localhost:51104/__cypress/runner/cypress_runner.js:1701:18)\n    at _drainQueueStep (http://localhost:51104/__cypress/runner/cypress_runner.js:2407:12)\n    at _drainQueue (http://localhost:51104/__cypress/runner/cypress_runner.js:2400:9)\n    at Async._drainQueues (http://localhost:51104/__cypress/runner/cypress_runner.js:2416:5)\n    at Async.drainQueues (http://localhost:51104/__cypress/runner/cypress_runner.js:2286:14)\nFrom Your Spec Code:\n    at Context.eval (webpack://crowdbotics/./cypress/integration/api/pages/DashboardPage.js:428:11)",
                "diff": null
              },
              "uuid": "6a0f9a92-cfcb-49cb-ba88-71c0b71059b1",
              "parentUUID": "5028ce69-e1fd-47c2-9c41-a76813af57bc",
              "isHook": false,
              "skipped": false
            },
            {
              "title": "Get Attributes Flow",
              "fullTitle": "Dashboard Page Get Attributes Flow",
              "timedOut": null,
              "duration": 651,
              "state": "failed",
              "speed": null,
              "pass": false,
              "fail": true,
              "pending": false,
              "context": "{\n  \"title\": \"cypress-mochawesome-reporter-screenshots\",\n  \"value\": [\n    [\n      \"\\\\dashboardtest.js\\\\Dashboard Page -- Get Attributes Flow (failed).png\"\n    ]\n  ]\n}",
              "code": "(0, _DashboardPage.getAttributes)(authKey, app_id).then(response => {\n  expect(response.status).to.eq(200);\n  cy.log(\"Get Attributes response\", response.body);\n});",
              "err": {
                "message": "CypressError: `cy.request()` failed on:\n\nhttps://crowdbotics-slack-dev.herokuapp.com/api/v1/apps/undefined/attributes/\n\nThe response we received from your web server was:\n\n  > 401: Unauthorized\n\nThis was considered a failure because the status code was not `2xx` or `3xx`.\n\nIf you do not want status codes to cause failures pass the option: `failOnStatusCode: false`\n\n-----------------------------------------------------------\n\nThe request we sent was:\n\nMethod: GET\nURL: https://crowdbotics-slack-dev.herokuapp.com/api/v1/apps/undefined/attributes/\nHeaders: {\n  \"Connection\": \"keep-alive\",\n  \"Content-Type\": \"application/json\",\n  \"Authorization\": \"Token undefined\",\n  \"user-agent\": \"Mozilla/5.0 (Windows NT 10.0; Win64; x64) AppleWebKit/537.36 (KHTML, like Gecko) Cypress/13.2.0 Chrome/114.0.5735.289 Electron/25.8.0 Safari/537.36\",\n  \"accept\": \"application/json\",\n  \"accept-encoding\": \"gzip, deflate\"\n}\n\n-----------------------------------------------------------\n\nThe response we got was:\n\nStatus: 401 - Unauthorized\nHeaders: {\n  \"server\": \"Cowboy\",\n  \"date\": \"Fri, 23 Feb 2024 05:50:23 GMT\",\n  \"report-to\": \"{\\\"group\\\":\\\"heroku-nel\\\",\\\"max_age\\\":3600,\\\"endpoints\\\":[{\\\"url\\\":\\\"https://nel.heroku.com/reports?ts=1708667423&sid=67ff5de4-ad2b-4112-9289-cf96be89efed&s=eEjOh6lev2RApn%2FE2VBQaHbaejx8cCibZN2nP6Tv0sU%3D\\\"}]}\",\n  \"reporting-endpoints\": \"heroku-nel=https://nel.heroku.com/reports?ts=1708667423&sid=67ff5de4-ad2b-4112-9289-cf96be89efed&s=eEjOh6lev2RApn%2FE2VBQaHbaejx8cCibZN2nP6Tv0sU%3D\",\n  \"nel\": \"{\\\"report_to\\\":\\\"heroku-nel\\\",\\\"max_age\\\":3600,\\\"success_fraction\\\":0.005,\\\"failure_fraction\\\":0.05,\\\"response_headers\\\":[\\\"Via\\\"]}\",\n  \"connection\": \"keep-alive\",\n  \"content-type\": \"application/json\",\n  \"www-authenticate\": \"Basic realm=\\\"api\\\"\",\n  \"allow\": \"GET, POST, HEAD, OPTIONS\",\n  \"x-content-type-options\": \"nosniff\",\n  \"referrer-policy\": \"same-origin\",\n  \"x-frame-options\": \"DENY\",\n  \"content-length\": \"58\",\n  \"vary\": \"Origin, Cookie\",\n  \"via\": \"1.1 vegur\"\n}\nBody: {\n  \"errors\": [\n    {\n      \"field\": \"detail\",\n      \"message\": \"Invalid token.\"\n    }\n  ]\n}\n\n\nhttps://on.cypress.io/request",
                "estack": "CypressError: `cy.request()` failed on:\n\nhttps://crowdbotics-slack-dev.herokuapp.com/api/v1/apps/undefined/attributes/\n\nThe response we received from your web server was:\n\n  > 401: Unauthorized\n\nThis was considered a failure because the status code was not `2xx` or `3xx`.\n\nIf you do not want status codes to cause failures pass the option: `failOnStatusCode: false`\n\n-----------------------------------------------------------\n\nThe request we sent was:\n\nMethod: GET\nURL: https://crowdbotics-slack-dev.herokuapp.com/api/v1/apps/undefined/attributes/\nHeaders: {\n  \"Connection\": \"keep-alive\",\n  \"Content-Type\": \"application/json\",\n  \"Authorization\": \"Token undefined\",\n  \"user-agent\": \"Mozilla/5.0 (Windows NT 10.0; Win64; x64) AppleWebKit/537.36 (KHTML, like Gecko) Cypress/13.2.0 Chrome/114.0.5735.289 Electron/25.8.0 Safari/537.36\",\n  \"accept\": \"application/json\",\n  \"accept-encoding\": \"gzip, deflate\"\n}\n\n-----------------------------------------------------------\n\nThe response we got was:\n\nStatus: 401 - Unauthorized\nHeaders: {\n  \"server\": \"Cowboy\",\n  \"date\": \"Fri, 23 Feb 2024 05:50:23 GMT\",\n  \"report-to\": \"{\\\"group\\\":\\\"heroku-nel\\\",\\\"max_age\\\":3600,\\\"endpoints\\\":[{\\\"url\\\":\\\"https://nel.heroku.com/reports?ts=1708667423&sid=67ff5de4-ad2b-4112-9289-cf96be89efed&s=eEjOh6lev2RApn%2FE2VBQaHbaejx8cCibZN2nP6Tv0sU%3D\\\"}]}\",\n  \"reporting-endpoints\": \"heroku-nel=https://nel.heroku.com/reports?ts=1708667423&sid=67ff5de4-ad2b-4112-9289-cf96be89efed&s=eEjOh6lev2RApn%2FE2VBQaHbaejx8cCibZN2nP6Tv0sU%3D\",\n  \"nel\": \"{\\\"report_to\\\":\\\"heroku-nel\\\",\\\"max_age\\\":3600,\\\"success_fraction\\\":0.005,\\\"failure_fraction\\\":0.05,\\\"response_headers\\\":[\\\"Via\\\"]}\",\n  \"connection\": \"keep-alive\",\n  \"content-type\": \"application/json\",\n  \"www-authenticate\": \"Basic realm=\\\"api\\\"\",\n  \"allow\": \"GET, POST, HEAD, OPTIONS\",\n  \"x-content-type-options\": \"nosniff\",\n  \"referrer-policy\": \"same-origin\",\n  \"x-frame-options\": \"DENY\",\n  \"content-length\": \"58\",\n  \"vary\": \"Origin, Cookie\",\n  \"via\": \"1.1 vegur\"\n}\nBody: {\n  \"errors\": [\n    {\n      \"field\": \"detail\",\n      \"message\": \"Invalid token.\"\n    }\n  ]\n}\n\n\nhttps://on.cypress.io/request\n    at <unknown> (http://localhost:51104/__cypress/runner/cypress_runner.js:133013:72)\n    at tryCatcher (http://localhost:51104/__cypress/runner/cypress_runner.js:1807:23)\n    at Promise._settlePromiseFromHandler (http://localhost:51104/__cypress/runner/cypress_runner.js:1519:31)\n    at Promise._settlePromise (http://localhost:51104/__cypress/runner/cypress_runner.js:1576:18)\n    at Promise._settlePromise0 (http://localhost:51104/__cypress/runner/cypress_runner.js:1621:10)\n    at Promise._settlePromises (http://localhost:51104/__cypress/runner/cypress_runner.js:1701:18)\n    at _drainQueueStep (http://localhost:51104/__cypress/runner/cypress_runner.js:2407:12)\n    at _drainQueue (http://localhost:51104/__cypress/runner/cypress_runner.js:2400:9)\n    at Async._drainQueues (http://localhost:51104/__cypress/runner/cypress_runner.js:2416:5)\n    at Async.drainQueues (http://localhost:51104/__cypress/runner/cypress_runner.js:2286:14)\nFrom Your Spec Code:\n    at getAttributes (webpack://crowdbotics/./cypress/integration/api/pages/DashboardPage.js:446:14)\n    at Context.eval (webpack://crowdbotics/./cypress/integration/api/tests/dashboardtest.js:286:22)",
                "diff": null
              },
              "uuid": "a410e15d-8f9d-4381-afd9-4ab84fd92f9e",
              "parentUUID": "5028ce69-e1fd-47c2-9c41-a76813af57bc",
              "isHook": false,
              "skipped": false
            },
            {
              "title": "Get Audit Log List Flow",
              "fullTitle": "Dashboard Page Get Audit Log List Flow",
              "timedOut": null,
              "duration": 668,
              "state": "failed",
              "speed": null,
              "pass": false,
              "fail": true,
              "pending": false,
              "context": "{\n  \"title\": \"cypress-mochawesome-reporter-screenshots\",\n  \"value\": [\n    [\n      \"\\\\dashboardtest.js\\\\Dashboard Page -- Get Audit Log List Flow (failed).png\"\n    ]\n  ]\n}",
              "code": "(0, _DashboardPage.getAuditLogList)(authKey, app_id).then(response => {\n  expect(response.status).to.eq(200);\n  cy.log(\"Get Attributes response\", response.body);\n});",
              "err": {
                "message": "CypressError: `cy.request()` failed on:\n\nhttps://crowdbotics-slack-dev.herokuapp.com/api/v1/apps/undefined/audit-logs/\n\nThe response we received from your web server was:\n\n  > 401: Unauthorized\n\nThis was considered a failure because the status code was not `2xx` or `3xx`.\n\nIf you do not want status codes to cause failures pass the option: `failOnStatusCode: false`\n\n-----------------------------------------------------------\n\nThe request we sent was:\n\nMethod: GET\nURL: https://crowdbotics-slack-dev.herokuapp.com/api/v1/apps/undefined/audit-logs/\nHeaders: {\n  \"Connection\": \"keep-alive\",\n  \"Content-Type\": \"application/json\",\n  \"Authorization\": \"Token undefined\",\n  \"user-agent\": \"Mozilla/5.0 (Windows NT 10.0; Win64; x64) AppleWebKit/537.36 (KHTML, like Gecko) Cypress/13.2.0 Chrome/114.0.5735.289 Electron/25.8.0 Safari/537.36\",\n  \"accept\": \"application/json\",\n  \"accept-encoding\": \"gzip, deflate\"\n}\n\n-----------------------------------------------------------\n\nThe response we got was:\n\nStatus: 401 - Unauthorized\nHeaders: {\n  \"server\": \"Cowboy\",\n  \"date\": \"Fri, 23 Feb 2024 05:50:24 GMT\",\n  \"report-to\": \"{\\\"group\\\":\\\"heroku-nel\\\",\\\"max_age\\\":3600,\\\"endpoints\\\":[{\\\"url\\\":\\\"https://nel.heroku.com/reports?ts=1708667424&sid=67ff5de4-ad2b-4112-9289-cf96be89efed&s=MaQEXPSKIsgRmS76dYOFPUk7C8TxrNoBHbQG7%2BRrdUU%3D\\\"}]}\",\n  \"reporting-endpoints\": \"heroku-nel=https://nel.heroku.com/reports?ts=1708667424&sid=67ff5de4-ad2b-4112-9289-cf96be89efed&s=MaQEXPSKIsgRmS76dYOFPUk7C8TxrNoBHbQG7%2BRrdUU%3D\",\n  \"nel\": \"{\\\"report_to\\\":\\\"heroku-nel\\\",\\\"max_age\\\":3600,\\\"success_fraction\\\":0.005,\\\"failure_fraction\\\":0.05,\\\"response_headers\\\":[\\\"Via\\\"]}\",\n  \"connection\": \"keep-alive\",\n  \"content-type\": \"application/json\",\n  \"www-authenticate\": \"Basic realm=\\\"api\\\"\",\n  \"allow\": \"GET, OPTIONS\",\n  \"x-content-type-options\": \"nosniff\",\n  \"referrer-policy\": \"same-origin\",\n  \"x-frame-options\": \"DENY\",\n  \"content-length\": \"58\",\n  \"vary\": \"Origin, Cookie\",\n  \"via\": \"1.1 vegur\"\n}\nBody: {\n  \"errors\": [\n    {\n      \"field\": \"detail\",\n      \"message\": \"Invalid token.\"\n    }\n  ]\n}\n\n\nhttps://on.cypress.io/request",
                "estack": "CypressError: `cy.request()` failed on:\n\nhttps://crowdbotics-slack-dev.herokuapp.com/api/v1/apps/undefined/audit-logs/\n\nThe response we received from your web server was:\n\n  > 401: Unauthorized\n\nThis was considered a failure because the status code was not `2xx` or `3xx`.\n\nIf you do not want status codes to cause failures pass the option: `failOnStatusCode: false`\n\n-----------------------------------------------------------\n\nThe request we sent was:\n\nMethod: GET\nURL: https://crowdbotics-slack-dev.herokuapp.com/api/v1/apps/undefined/audit-logs/\nHeaders: {\n  \"Connection\": \"keep-alive\",\n  \"Content-Type\": \"application/json\",\n  \"Authorization\": \"Token undefined\",\n  \"user-agent\": \"Mozilla/5.0 (Windows NT 10.0; Win64; x64) AppleWebKit/537.36 (KHTML, like Gecko) Cypress/13.2.0 Chrome/114.0.5735.289 Electron/25.8.0 Safari/537.36\",\n  \"accept\": \"application/json\",\n  \"accept-encoding\": \"gzip, deflate\"\n}\n\n-----------------------------------------------------------\n\nThe response we got was:\n\nStatus: 401 - Unauthorized\nHeaders: {\n  \"server\": \"Cowboy\",\n  \"date\": \"Fri, 23 Feb 2024 05:50:24 GMT\",\n  \"report-to\": \"{\\\"group\\\":\\\"heroku-nel\\\",\\\"max_age\\\":3600,\\\"endpoints\\\":[{\\\"url\\\":\\\"https://nel.heroku.com/reports?ts=1708667424&sid=67ff5de4-ad2b-4112-9289-cf96be89efed&s=MaQEXPSKIsgRmS76dYOFPUk7C8TxrNoBHbQG7%2BRrdUU%3D\\\"}]}\",\n  \"reporting-endpoints\": \"heroku-nel=https://nel.heroku.com/reports?ts=1708667424&sid=67ff5de4-ad2b-4112-9289-cf96be89efed&s=MaQEXPSKIsgRmS76dYOFPUk7C8TxrNoBHbQG7%2BRrdUU%3D\",\n  \"nel\": \"{\\\"report_to\\\":\\\"heroku-nel\\\",\\\"max_age\\\":3600,\\\"success_fraction\\\":0.005,\\\"failure_fraction\\\":0.05,\\\"response_headers\\\":[\\\"Via\\\"]}\",\n  \"connection\": \"keep-alive\",\n  \"content-type\": \"application/json\",\n  \"www-authenticate\": \"Basic realm=\\\"api\\\"\",\n  \"allow\": \"GET, OPTIONS\",\n  \"x-content-type-options\": \"nosniff\",\n  \"referrer-policy\": \"same-origin\",\n  \"x-frame-options\": \"DENY\",\n  \"content-length\": \"58\",\n  \"vary\": \"Origin, Cookie\",\n  \"via\": \"1.1 vegur\"\n}\nBody: {\n  \"errors\": [\n    {\n      \"field\": \"detail\",\n      \"message\": \"Invalid token.\"\n    }\n  ]\n}\n\n\nhttps://on.cypress.io/request\n    at <unknown> (http://localhost:51104/__cypress/runner/cypress_runner.js:133013:72)\n    at tryCatcher (http://localhost:51104/__cypress/runner/cypress_runner.js:1807:23)\n    at Promise._settlePromiseFromHandler (http://localhost:51104/__cypress/runner/cypress_runner.js:1519:31)\n    at Promise._settlePromise (http://localhost:51104/__cypress/runner/cypress_runner.js:1576:18)\n    at Promise._settlePromise0 (http://localhost:51104/__cypress/runner/cypress_runner.js:1621:10)\n    at Promise._settlePromises (http://localhost:51104/__cypress/runner/cypress_runner.js:1701:18)\n    at _drainQueueStep (http://localhost:51104/__cypress/runner/cypress_runner.js:2407:12)\n    at _drainQueue (http://localhost:51104/__cypress/runner/cypress_runner.js:2400:9)\n    at Async._drainQueues (http://localhost:51104/__cypress/runner/cypress_runner.js:2416:5)\n    at Async.drainQueues (http://localhost:51104/__cypress/runner/cypress_runner.js:2286:14)\nFrom Your Spec Code:\n    at getAuditLogList (webpack://crowdbotics/./cypress/integration/api/pages/DashboardPage.js:581:14)\n    at Context.eval (webpack://crowdbotics/./cypress/integration/api/tests/dashboardtest.js:293:24)",
                "diff": null
              },
              "uuid": "13354095-92ea-4365-9df3-ece014544cdd",
              "parentUUID": "5028ce69-e1fd-47c2-9c41-a76813af57bc",
              "isHook": false,
              "skipped": false
            }
          ],
          "suites": [],
          "passes": [
            "f2688472-aaa1-4d04-9133-e26188675845"
          ],
          "failures": [
            "81ad9325-5161-484a-bc57-95a9b4753a1b",
            "32a63e87-6e2d-4a0d-8b4c-62fe4e6900e2",
            "9528bea9-d816-461b-9304-5315a939ec79",
            "230f3167-dc21-430b-b5b9-74b4703cb2c4",
            "d9f3bff6-edb7-4433-b555-6ee8dd1872ef",
            "fdcd0e00-6ccf-4ead-aa72-095649b726ab",
            "1932ab9c-7440-4bde-8a02-007daf6b8b43",
            "70a0e508-2d88-414a-9a53-320e3e04ac86",
            "3e0c6c54-6687-4f65-8820-77da4d66a40e",
            "b0160f4b-787e-4aff-8418-669e001950a6",
            "cacaf07d-cb71-4121-8014-559cd406721d",
            "01b8eb7b-5d79-4376-86bf-0c3ee56e4aae",
            "45774942-c2bb-49d8-9373-3dee1927c0d3",
            "1f2490a9-a667-4a27-8769-524f19457afa",
            "a74037a9-c89d-4ca3-a2a1-1a449d2a7185",
            "e79fd8f4-0843-48dc-810a-c5dccd5244a8",
            "585f90df-39ac-432a-8aba-41e8580b3ff0",
            "fdb63e19-2def-4956-a850-cef7610c9d56",
            "8b506aa5-75ba-4f65-8416-753ae2cf2e4d",
            "2c4fff96-355f-489c-8aba-7a05dec08ec8",
            "9fc14e21-8d66-4564-b196-f419b40f6b47",
            "266f415d-0716-400a-ab21-75abfcc1b818",
            "e4dc64f2-7e7f-4efe-9c09-a7885c2f465b",
            "ba75b482-360b-4f99-baf9-3073bc470f40",
            "60736d1c-d8b9-4915-9a8f-fd3f326d71a2",
            "27f1ba08-9881-4fcb-96d1-11b8436b8cc5",
            "0ce74c2b-f239-4830-9dbc-fe989ac80896",
            "36053c77-7353-4803-81dc-e4d5a794dfaa",
            "4f591bba-4b09-480e-b478-705840681037",
            "e54e4186-891d-431a-a3d1-ee1f1737cfb5",
            "26868c87-40cf-40d8-a9e7-f05ecf9ddc08",
            "52d3f151-9575-448b-bfcb-bbbae8a7b192",
            "65fd8fd3-9200-4a2a-827a-0a65e43ca099",
            "6a0f9a92-cfcb-49cb-ba88-71c0b71059b1",
            "a410e15d-8f9d-4381-afd9-4ab84fd92f9e",
            "13354095-92ea-4365-9df3-ece014544cdd"
          ],
          "pending": [],
          "skipped": [],
          "duration": 25098,
          "root": false,
          "rootEmpty": false,
          "_timeout": 2000
        }
      ],
      "passes": [],
      "failures": [],
      "pending": [],
      "skipped": [],
      "duration": 0,
      "root": true,
      "rootEmpty": true,
      "_timeout": 2000
    }
  ],
  "meta": {
    "mocha": {
      "version": "7.0.1"
    },
    "mochawesome": {
      "options": {
        "quiet": false,
        "reportFilename": "mochawesome",
        "saveHtml": false,
        "saveJson": true,
        "consoleReporter": "spec",
        "useInlineDiffs": false,
        "code": true
      },
      "version": "7.1.3"
    },
    "marge": {
      "options": {
        "overwrite": false,
        "html": false,
        "json": true,
        "reportDir": "cypress\\reports\\html\\.jsons"
      },
      "version": "6.2.0"
    }
  }
}